#
# There is insufficient memory for the Java Runtime Environment to continue.
# Native memory allocation (malloc) failed to allocate 2097152 bytes. Error detail: AllocateHeap
# Possible reasons:
#   The system is out of physical RAM or swap space
#   This process is running with CompressedOops enabled, and the Java Heap may be blocking the growth of the native heap
# Possible solutions:
#   Reduce memory load on the system
#   Increase physical memory or swap space
#   Check if swap backing store is full
#   Decrease Java heap size (-Xmx/-Xms)
#   Decrease number of Java threads
#   Decrease Java thread stack sizes (-Xss)
#   Set larger code cache with -XX:ReservedCodeCacheSize=
#   JVM is running with Unscaled Compressed Oops mode in which the Java heap is
#     placed in the first 4GB address space. The Java Heap base address is the
#     maximum limit for the native heap growth. Please use -XX:HeapBaseMinAddress
#     to set the Java Heap base and to place the Java Heap above 4GB virtual address.
# This output file may be truncated or incomplete.
#
#  Out of Memory Error (allocation.cpp:44), pid=14496, tid=18844
#
# JRE version: OpenJDK Runtime Environment Temurin-21.0.9+10 (21.0.9+10) (build 21.0.9+10-LTS)
# Java VM: OpenJDK 64-Bit Server VM Temurin-21.0.9+10 (21.0.9+10-LTS, mixed mode, emulated-client, sharing, tiered, compressed oops, compressed class ptrs, g1 gc, windows-amd64)
# No core dump will be written. Minidumps are not enabled by default on client versions of Windows
#

---------------  S U M M A R Y ------------

Command Line: -Xmx1024m -Dsts.lsp.client=vscode -Dsts.log.file=/dev/null -XX:TieredStopAtLevel=1 -Xlog:jni+resolve=off -Dspring.config.location=file:c:\Users\Gunawan\.vscode\extensions\vmware.vscode-spring-boot-1.56.0\language-server\BOOT-INF\classes\application.properties org.springframework.ide.vscode.boot.app.BootLanguageServerBootApp

Host: AMD Ryzen 5 3550H with Radeon Vega Mobile Gfx  , 8 cores, 5G,  Windows 11 , 64 bit Build 26100 (10.0.26100.4768)
Time: Thu Feb 26 17:03:08 2026 SE Asia Standard Time elapsed time: 6859.068162 seconds (0d 1h 54m 19s)

---------------  T H R E A D  ---------------

Current thread (0x0000026c41ee60b0):  VMThread "VM Thread"          [id=18844, stack(0x000000cfd6b00000,0x000000cfd6c00000) (1024K)]

Stack: [0x000000cfd6b00000,0x000000cfd6c00000]
Native frames: (J=compiled Java code, j=interpreted, Vv=VM code, C=native code)
V  [jvm.dll+0x6d6e29]
V  [jvm.dll+0x8b4b76]
V  [jvm.dll+0x8b712e]
V  [jvm.dll+0x8b7813]
V  [jvm.dll+0x283d86]
V  [jvm.dll+0xc1277]
V  [jvm.dll+0x34f35e]
V  [jvm.dll+0x349b4e]
V  [jvm.dll+0x332487]
V  [jvm.dll+0x3746f4]
V  [jvm.dll+0x8bd500]
V  [jvm.dll+0x8be8a4]
V  [jvm.dll+0x8bede0]
V  [jvm.dll+0x8bf083]
V  [jvm.dll+0x85e9ad]
V  [jvm.dll+0x6d565d]
C  [ucrtbase.dll+0x37b0]
C  [KERNEL32.DLL+0x2e8d7]
C  [ntdll.dll+0x3c34c]

VM_Operation (0x000000cfd81fe9f0): G1CollectFull, mode: safepoint, requested by thread 0x0000026c88b90370


---------------  P R O C E S S  ---------------

Threads class SMR info:
_java_thread_list=0x0000026c89c83e60, length=27, elements={
0x0000026c41f07f00, 0x0000026c41f0aa60, 0x0000026c41f0d4c0, 0x0000026c41f0ff20,
0x0000026c41f10970, 0x0000026c41f113c0, 0x0000026c41f11e10, 0x0000026c87101b00,
0x0000026c87106950, 0x0000026c88ca5be0, 0x0000026c88b90370, 0x0000026c88cf8960,
0x0000026c359f8b70, 0x0000026c8857f3c0, 0x0000026c891f1220, 0x0000026c88d2a350,
0x0000026c88d2b700, 0x0000026c88d2a9e0, 0x0000026c88d2b070, 0x0000026c88d2d140,
0x0000026c892fbd40, 0x0000026c892fa990, 0x0000026c892fde10, 0x0000026c892feb30,
0x0000026c89300570, 0x0000026c892fc3d0, 0x0000026c892fb020
}

Java Threads: ( => current thread )
  0x0000026c41f07f00 JavaThread "Reference Handler"          daemon [_thread_blocked, id=19328, stack(0x000000cfd6c00000,0x000000cfd6d00000) (1024K)]
  0x0000026c41f0aa60 JavaThread "Finalizer"                  daemon [_thread_blocked, id=19068, stack(0x000000cfd6d00000,0x000000cfd6e00000) (1024K)]
  0x0000026c41f0d4c0 JavaThread "Signal Dispatcher"          daemon [_thread_blocked, id=17828, stack(0x000000cfd6e00000,0x000000cfd6f00000) (1024K)]
  0x0000026c41f0ff20 JavaThread "Attach Listener"            daemon [_thread_blocked, id=16096, stack(0x000000cfd6f00000,0x000000cfd7000000) (1024K)]
  0x0000026c41f10970 JavaThread "Service Thread"             daemon [_thread_blocked, id=13448, stack(0x000000cfd7000000,0x000000cfd7100000) (1024K)]
  0x0000026c41f113c0 JavaThread "Monitor Deflation Thread"   daemon [_thread_blocked, id=19404, stack(0x000000cfd7100000,0x000000cfd7200000) (1024K)]
  0x0000026c41f11e10 JavaThread "C1 CompilerThread0"         daemon [_thread_blocked, id=1780, stack(0x000000cfd7200000,0x000000cfd7300000) (1024K)]
  0x0000026c87101b00 JavaThread "Notification Thread"        daemon [_thread_blocked, id=16624, stack(0x000000cfd7400000,0x000000cfd7500000) (1024K)]
  0x0000026c87106950 JavaThread "Common-Cleaner"             daemon [_thread_blocked, id=15320, stack(0x000000cfd7500000,0x000000cfd7600000) (1024K)]
  0x0000026c88ca5be0 JavaThread "boundedElastic-evictor-1"   daemon [_thread_blocked, id=16764, stack(0x000000cfd8000000,0x000000cfd8100000) (1024K)]
  0x0000026c88b90370 JavaThread "pool-12-thread-1"                  [_thread_blocked, id=16492, stack(0x000000cfd8100000,0x000000cfd8200000) (1024K)]
  0x0000026c88cf8960 JavaThread "LanguageServerApp-lifecycle"        [_thread_blocked, id=19436, stack(0x000000cfd8200000,0x000000cfd8300000) (1024K)]
  0x0000026c359f8b70 JavaThread "DestroyJavaVM"                     [_thread_blocked, id=2688, stack(0x000000cfd6400000,0x000000cfd6500000) (1024K)]
  0x0000026c8857f3c0 JavaThread "pool-13-thread-1"                  [_thread_in_native, id=3384, stack(0x000000cfd8300000,0x000000cfd8400000) (1024K)]
  0x0000026c891f1220 JavaThread "Simple-Language-Server main thread" daemon [_thread_blocked, id=9680, stack(0x000000cfd8400000,0x000000cfd8500000) (1024K)]
  0x0000026c88d2a350 JavaThread "parallel-1"                 daemon [_thread_blocked, id=9960, stack(0x000000cfd8600000,0x000000cfd8700000) (1024K)]
  0x0000026c88d2b700 JavaThread "pool-5-thread-1"                   [_thread_blocked, id=2284, stack(0x000000cfd8700000,0x000000cfd8800000) (1024K)]
  0x0000026c88d2a9e0 JavaThread "parallel-2"                 daemon [_thread_blocked, id=15012, stack(0x000000cfd8800000,0x000000cfd8900000) (1024K)]
  0x0000026c88d2b070 JavaThread "parallel-3"                 daemon [_thread_blocked, id=6448, stack(0x000000cfd8900000,0x000000cfd8a00000) (1024K)]
  0x0000026c88d2d140 JavaThread "parallel-4"                 daemon [_thread_blocked, id=12956, stack(0x000000cfd8d00000,0x000000cfd8e00000) (1024K)]
  0x0000026c892fbd40 JavaThread "parallel-5"                 daemon [_thread_blocked, id=16032, stack(0x000000cfd8e00000,0x000000cfd8f00000) (1024K)]
  0x0000026c892fa990 JavaThread "Reconciler-1"               daemon [_thread_blocked, id=4064, stack(0x000000cfd8f00000,0x000000cfd9000000) (1024K)]
  0x0000026c892fde10 JavaThread "parallel-6"                 daemon [_thread_blocked, id=11584, stack(0x000000cfd9500000,0x000000cfd9600000) (1024K)]
  0x0000026c892feb30 JavaThread "parallel-7"                 daemon [_thread_blocked, id=13468, stack(0x000000cfd9800000,0x000000cfd9900000) (1024K)]
  0x0000026c89300570 JavaThread "parallel-8"                 daemon [_thread_blocked, id=19264, stack(0x000000cfd9a00000,0x000000cfd9b00000) (1024K)]
  0x0000026c892fc3d0 JavaThread "CompletableFutureDelayScheduler" daemon [_thread_blocked, id=17532, stack(0x000000cfd6300000,0x000000cfd6400000) (1024K)]
  0x0000026c892fb020 JavaThread "pool-7-thread-1"                   [_thread_blocked, id=16932, stack(0x000000cfd6100000,0x000000cfd6200000) (1024K)]
Total: 27

Other Threads:
=>0x0000026c41ee60b0 VMThread "VM Thread"                           [id=18844, stack(0x000000cfd6b00000,0x000000cfd6c00000) (1024K)]
  0x0000026c41eccc40 WatcherThread "VM Periodic Task Thread"        [id=10256, stack(0x000000cfd6a00000,0x000000cfd6b00000) (1024K)]
  0x0000026c37de1150 WorkerThread "GC Thread#0"                     [id=14912, stack(0x000000cfd6500000,0x000000cfd6600000) (1024K)]
  0x0000026c87972bd0 WorkerThread "GC Thread#1"                     [id=2432, stack(0x000000cfd7600000,0x000000cfd7700000) (1024K)]
  0x0000026c87b39a70 WorkerThread "GC Thread#2"                     [id=9196, stack(0x000000cfd7700000,0x000000cfd7800000) (1024K)]
  0x0000026c87b3a630 WorkerThread "GC Thread#3"                     [id=17988, stack(0x000000cfd7800000,0x000000cfd7900000) (1024K)]
  0x0000026c87f333f0 WorkerThread "GC Thread#4"                     [id=10388, stack(0x000000cfd7a00000,0x000000cfd7b00000) (1024K)]
  0x0000026c87f33ba0 WorkerThread "GC Thread#5"                     [id=6352, stack(0x000000cfd7b00000,0x000000cfd7c00000) (1024K)]
  0x0000026c87f33f40 WorkerThread "GC Thread#6"                     [id=13140, stack(0x000000cfd7c00000,0x000000cfd7d00000) (1024K)]
  0x0000026c881ff200 WorkerThread "GC Thread#7"                     [id=8724, stack(0x000000cfd7f00000,0x000000cfd8000000) (1024K)]
  0x0000026c37dea040 ConcurrentGCThread "G1 Main Marker"            [id=18824, stack(0x000000cfd6600000,0x000000cfd6700000) (1024K)]
  0x0000026c37deaa50 WorkerThread "G1 Conc#0"                       [id=6008, stack(0x000000cfd6700000,0x000000cfd6800000) (1024K)]
  0x0000026c884c7420 WorkerThread "G1 Conc#1"                       [id=15612, stack(0x000000cfd7d00000,0x000000cfd7e00000) (1024K)]
  0x0000026c37e5d100 ConcurrentGCThread "G1 Refine#0"               [id=5844, stack(0x000000cfd6800000,0x000000cfd6900000) (1024K)]
  0x0000026c37e5db80 ConcurrentGCThread "G1 Service"                [id=18976, stack(0x000000cfd6900000,0x000000cfd6a00000) (1024K)]
Total: 15

Threads with active compile tasks:
Total: 0

VM state: at safepoint (normal execution)

VM Mutex/Monitor currently owned by a thread:  ([mutex/lock_event])
[0x00007fffce6ad570] Threads_lock - owner thread: 0x0000026c41ee60b0
[0x00007fffce6ad670] Heap_lock - owner thread: 0x0000026c88b90370

Heap address: 0x00000000c0000000, size: 1024 MB, Compressed Oops mode: 32-bit

CDS archive(s) mapped at: [0x0000026c42000000-0x0000026c42ba0000-0x0000026c42ba0000), size 12189696, SharedBaseAddress: 0x0000026c42000000, ArchiveRelocationMode: 1.
Compressed class space mapped at: 0x0000026c43000000-0x0000026c83000000, reserved size: 1073741824
Narrow klass base: 0x0000026c42000000, Narrow klass shift: 0, Narrow klass range: 0x100000000

GC Precious Log:
 CardTable entry size: 512
 Card Set container configuration: InlinePtr #cards 5 size 8 Array Of Cards #cards 12 size 40 Howl #buckets 4 coarsen threshold 1843 Howl Bitmap #cards 512 size 80 coarsen threshold 460 Card regions per heap region 1 cards per card region 2048
 CPUs: 8 total, 8 available
 Memory: 6015M
 Large Page Support: Disabled
 NUMA Support: Disabled
 Compressed Oops: Enabled (32-bit)
 Heap Region Size: 1M
 Heap Min Capacity: 8M
 Heap Initial Capacity: 94M
 Heap Max Capacity: 1G
 Pre-touch: Disabled
 Parallel Workers: 8
 Concurrent Workers: 2
 Concurrent Refinement Workers: 8
 Periodic GC: Disabled

Heap:
 garbage-first heap   total 89088K, used 32779K [0x00000000c0000000, 0x0000000100000000)
  region size 1024K, 1 young (1024K), 0 survivors (0K)
 Metaspace       used 55623K, committed 56448K, reserved 1114112K
  class space    used 6997K, committed 7360K, reserved 1048576K

Heap Regions: E=young(eden), S=young(survivor), O=old, HS=humongous(starts), HC=humongous(continues), CS=collection set, F=free, TAMS=top-at-mark-start, PB=parsable bottom
|   0|0x00000000c0000000, 0x00000000c0100000, 0x00000000c0100000|100%|HS|  |TAMS 0x00000000c0000000| PB 0x00000000c0000000| Untracked 
|   1|0x00000000c0100000, 0x00000000c0200000, 0x00000000c0200000|100%|HC|  |TAMS 0x00000000c0100000| PB 0x00000000c0100000| Untracked 
|   2|0x00000000c0200000, 0x00000000c0300000, 0x00000000c0300000|100%|HC|  |TAMS 0x00000000c0200000| PB 0x00000000c0200000| Untracked 
|   3|0x00000000c0300000, 0x00000000c0400000, 0x00000000c0400000|100%|HC|  |TAMS 0x00000000c0300000| PB 0x00000000c0300000| Untracked 
|   4|0x00000000c0400000, 0x00000000c0500000, 0x00000000c0500000|100%|HS|  |TAMS 0x00000000c0400000| PB 0x00000000c0400000| Untracked 
|   5|0x00000000c0500000, 0x00000000c0600000, 0x00000000c0600000|100%|HC|  |TAMS 0x00000000c0500000| PB 0x00000000c0500000| Untracked 
|   6|0x00000000c0600000, 0x00000000c0700000, 0x00000000c0700000|100%| O|  |TAMS 0x00000000c0600000| PB 0x00000000c0600000| Untracked 
|   7|0x00000000c0700000, 0x00000000c0800000, 0x00000000c0800000|100%| O|  |TAMS 0x00000000c0700000| PB 0x00000000c0700000| Untracked 
|   8|0x00000000c0800000, 0x00000000c0900000, 0x00000000c0900000|100%| O|  |TAMS 0x00000000c0800000| PB 0x00000000c0800000| Untracked 
|   9|0x00000000c0900000, 0x00000000c0a00000, 0x00000000c0a00000|100%| O|  |TAMS 0x00000000c0900000| PB 0x00000000c0900000| Untracked 
|  10|0x00000000c0a00000, 0x00000000c0b00000, 0x00000000c0b00000|100%| O|  |TAMS 0x00000000c0a00000| PB 0x00000000c0a00000| Untracked 
|  11|0x00000000c0b00000, 0x00000000c0bffc08, 0x00000000c0c00000| 99%| O|  |TAMS 0x00000000c0b00000| PB 0x00000000c0b00000| Untracked 
|  12|0x00000000c0c00000, 0x00000000c0d00000, 0x00000000c0d00000|100%| O|  |TAMS 0x00000000c0c00000| PB 0x00000000c0c00000| Untracked 
|  13|0x00000000c0d00000, 0x00000000c0e00000, 0x00000000c0e00000|100%| O|  |TAMS 0x00000000c0d00000| PB 0x00000000c0d00000| Untracked 
|  14|0x00000000c0e00000, 0x00000000c0effff0, 0x00000000c0f00000| 99%| O|  |TAMS 0x00000000c0e00000| PB 0x00000000c0e00000| Untracked 
|  15|0x00000000c0f00000, 0x00000000c0ffffc0, 0x00000000c1000000| 99%| O|  |TAMS 0x00000000c0f00000| PB 0x00000000c0f00000| Untracked 
|  16|0x00000000c1000000, 0x00000000c10fffe8, 0x00000000c1100000| 99%| O|  |TAMS 0x00000000c1000000| PB 0x00000000c1000000| Untracked 
|  17|0x00000000c1100000, 0x00000000c11ffff8, 0x00000000c1200000| 99%| O|  |TAMS 0x00000000c1100000| PB 0x00000000c1100000| Untracked 
|  18|0x00000000c1200000, 0x00000000c12ffff0, 0x00000000c1300000| 99%| O|  |TAMS 0x00000000c1200000| PB 0x00000000c1200000| Untracked 
|  19|0x00000000c1300000, 0x00000000c13fffa8, 0x00000000c1400000| 99%| O|  |TAMS 0x00000000c1300000| PB 0x00000000c1300000| Untracked 
|  20|0x00000000c1400000, 0x00000000c14fffe0, 0x00000000c1500000| 99%| O|  |TAMS 0x00000000c1400000| PB 0x00000000c1400000| Untracked 
|  21|0x00000000c1500000, 0x00000000c15fff98, 0x00000000c1600000| 99%| O|  |TAMS 0x00000000c1500000| PB 0x00000000c1500000| Untracked 
|  22|0x00000000c1600000, 0x00000000c16ffff0, 0x00000000c1700000| 99%| O|  |TAMS 0x00000000c1600000| PB 0x00000000c1600000| Untracked 
|  23|0x00000000c1700000, 0x00000000c17fffe8, 0x00000000c1800000| 99%| O|  |TAMS 0x00000000c1700000| PB 0x00000000c1700000| Untracked 
|  24|0x00000000c1800000, 0x00000000c18fff40, 0x00000000c1900000| 99%| O|  |TAMS 0x00000000c1800000| PB 0x00000000c1800000| Untracked 
|  25|0x00000000c1900000, 0x00000000c19ffff0, 0x00000000c1a00000| 99%| O|  |TAMS 0x00000000c1900000| PB 0x00000000c1900000| Untracked 
|  26|0x00000000c1a00000, 0x00000000c1afffd0, 0x00000000c1b00000| 99%| O|  |TAMS 0x00000000c1a00000| PB 0x00000000c1a00000| Untracked 
|  27|0x00000000c1b00000, 0x00000000c1bffff8, 0x00000000c1c00000| 99%| O|  |TAMS 0x00000000c1b00000| PB 0x00000000c1b00000| Untracked 
|  28|0x00000000c1c00000, 0x00000000c1cffc38, 0x00000000c1d00000| 99%| O|  |TAMS 0x00000000c1c00000| PB 0x00000000c1c00000| Untracked 
|  29|0x00000000c1d00000, 0x00000000c1dc05f0, 0x00000000c1e00000| 75%| O|  |TAMS 0x00000000c1d00000| PB 0x00000000c1d00000| Untracked 
|  30|0x00000000c1e00000, 0x00000000c1f00000, 0x00000000c1f00000|100%| O|  |TAMS 0x00000000c1e00000| PB 0x00000000c1e00000| Untracked 
|  31|0x00000000c1f00000, 0x00000000c1f43218, 0x00000000c2000000| 26%| O|  |TAMS 0x00000000c1f00000| PB 0x00000000c1f00000| Untracked 
|  32|0x00000000c2000000, 0x00000000c2000000, 0x00000000c2100000|  0%| F|  |TAMS 0x00000000c2000000| PB 0x00000000c2000000| Untracked 
|  33|0x00000000c2100000, 0x00000000c21ffff8, 0x00000000c2200000| 99%| O|  |TAMS 0x00000000c2100000| PB 0x00000000c2100000| Untracked 
|  34|0x00000000c2200000, 0x00000000c2200000, 0x00000000c2300000|  0%| F|  |TAMS 0x00000000c2200000| PB 0x00000000c2200000| Untracked 
|  35|0x00000000c2300000, 0x00000000c2300000, 0x00000000c2400000|  0%| F|  |TAMS 0x00000000c2300000| PB 0x00000000c2300000| Untracked 
|  36|0x00000000c2400000, 0x00000000c2400000, 0x00000000c2500000|  0%| F|  |TAMS 0x00000000c2400000| PB 0x00000000c2400000| Untracked 
|  37|0x00000000c2500000, 0x00000000c2500000, 0x00000000c2600000|  0%| F|  |TAMS 0x00000000c2500000| PB 0x00000000c2500000| Untracked 
|  38|0x00000000c2600000, 0x00000000c2600000, 0x00000000c2700000|  0%| F|  |TAMS 0x00000000c2600000| PB 0x00000000c2600000| Untracked 
|  39|0x00000000c2700000, 0x00000000c2700000, 0x00000000c2800000|  0%| F|  |TAMS 0x00000000c2700000| PB 0x00000000c2700000| Untracked 
|  40|0x00000000c2800000, 0x00000000c2800000, 0x00000000c2900000|  0%| F|  |TAMS 0x00000000c2800000| PB 0x00000000c2800000| Untracked 
|  41|0x00000000c2900000, 0x00000000c2900000, 0x00000000c2a00000|  0%| F|  |TAMS 0x00000000c2900000| PB 0x00000000c2900000| Untracked 
|  42|0x00000000c2a00000, 0x00000000c2a00000, 0x00000000c2b00000|  0%| F|  |TAMS 0x00000000c2a00000| PB 0x00000000c2a00000| Untracked 
|  43|0x00000000c2b00000, 0x00000000c2b00000, 0x00000000c2c00000|  0%| F|  |TAMS 0x00000000c2b00000| PB 0x00000000c2b00000| Untracked 
|  44|0x00000000c2c00000, 0x00000000c2c00000, 0x00000000c2d00000|  0%| F|  |TAMS 0x00000000c2c00000| PB 0x00000000c2c00000| Untracked 
|  45|0x00000000c2d00000, 0x00000000c2d00000, 0x00000000c2e00000|  0%| F|  |TAMS 0x00000000c2d00000| PB 0x00000000c2d00000| Untracked 
|  46|0x00000000c2e00000, 0x00000000c2e00000, 0x00000000c2f00000|  0%| F|  |TAMS 0x00000000c2e00000| PB 0x00000000c2e00000| Untracked 
|  47|0x00000000c2f00000, 0x00000000c2f00000, 0x00000000c3000000|  0%| F|  |TAMS 0x00000000c2f00000| PB 0x00000000c2f00000| Untracked 
|  48|0x00000000c3000000, 0x00000000c3000000, 0x00000000c3100000|  0%| F|  |TAMS 0x00000000c3000000| PB 0x00000000c3000000| Untracked 
|  49|0x00000000c3100000, 0x00000000c3100000, 0x00000000c3200000|  0%| F|  |TAMS 0x00000000c3100000| PB 0x00000000c3100000| Untracked 
|  50|0x00000000c3200000, 0x00000000c3200000, 0x00000000c3300000|  0%| F|  |TAMS 0x00000000c3200000| PB 0x00000000c3200000| Untracked 
|  51|0x00000000c3300000, 0x00000000c3300000, 0x00000000c3400000|  0%| F|  |TAMS 0x00000000c3300000| PB 0x00000000c3300000| Untracked 
|  52|0x00000000c3400000, 0x00000000c3400000, 0x00000000c3500000|  0%| F|  |TAMS 0x00000000c3400000| PB 0x00000000c3400000| Untracked 
|  53|0x00000000c3500000, 0x00000000c3500000, 0x00000000c3600000|  0%| F|  |TAMS 0x00000000c3500000| PB 0x00000000c3500000| Untracked 
|  54|0x00000000c3600000, 0x00000000c3600000, 0x00000000c3700000|  0%| F|  |TAMS 0x00000000c3600000| PB 0x00000000c3600000| Untracked 
|  55|0x00000000c3700000, 0x00000000c3700000, 0x00000000c3800000|  0%| F|  |TAMS 0x00000000c3700000| PB 0x00000000c3700000| Untracked 
|  56|0x00000000c3800000, 0x00000000c3800000, 0x00000000c3900000|  0%| F|  |TAMS 0x00000000c3800000| PB 0x00000000c3800000| Untracked 
|  57|0x00000000c3900000, 0x00000000c3900000, 0x00000000c3a00000|  0%| F|  |TAMS 0x00000000c3900000| PB 0x00000000c3900000| Untracked 
|  58|0x00000000c3a00000, 0x00000000c3a00000, 0x00000000c3b00000|  0%| F|  |TAMS 0x00000000c3a00000| PB 0x00000000c3a00000| Untracked 
|  59|0x00000000c3b00000, 0x00000000c3b00000, 0x00000000c3c00000|  0%| F|  |TAMS 0x00000000c3b00000| PB 0x00000000c3b00000| Untracked 
|  60|0x00000000c3c00000, 0x00000000c3c00000, 0x00000000c3d00000|  0%| F|  |TAMS 0x00000000c3c00000| PB 0x00000000c3c00000| Untracked 
|  61|0x00000000c3d00000, 0x00000000c3d00000, 0x00000000c3e00000|  0%| F|  |TAMS 0x00000000c3d00000| PB 0x00000000c3d00000| Untracked 
|  62|0x00000000c3e00000, 0x00000000c3e00000, 0x00000000c3f00000|  0%| F|  |TAMS 0x00000000c3e00000| PB 0x00000000c3e00000| Untracked 
|  63|0x00000000c3f00000, 0x00000000c3f00000, 0x00000000c4000000|  0%| F|  |TAMS 0x00000000c3f00000| PB 0x00000000c3f00000| Untracked 
|  64|0x00000000c4000000, 0x00000000c4000000, 0x00000000c4100000|  0%| F|  |TAMS 0x00000000c4000000| PB 0x00000000c4000000| Untracked 
|  65|0x00000000c4100000, 0x00000000c4100000, 0x00000000c4200000|  0%| F|  |TAMS 0x00000000c4100000| PB 0x00000000c4100000| Untracked 
|  66|0x00000000c4200000, 0x00000000c4200000, 0x00000000c4300000|  0%| F|  |TAMS 0x00000000c4200000| PB 0x00000000c4200000| Untracked 
|  67|0x00000000c4300000, 0x00000000c4300000, 0x00000000c4400000|  0%| F|  |TAMS 0x00000000c4300000| PB 0x00000000c4300000| Untracked 
|  68|0x00000000c4400000, 0x00000000c4400000, 0x00000000c4500000|  0%| F|  |TAMS 0x00000000c4400000| PB 0x00000000c4400000| Untracked 
|  69|0x00000000c4500000, 0x00000000c4500000, 0x00000000c4600000|  0%| F|  |TAMS 0x00000000c4500000| PB 0x00000000c4500000| Untracked 
|  70|0x00000000c4600000, 0x00000000c4600000, 0x00000000c4700000|  0%| F|  |TAMS 0x00000000c4600000| PB 0x00000000c4600000| Untracked 
|  71|0x00000000c4700000, 0x00000000c4700000, 0x00000000c4800000|  0%| F|  |TAMS 0x00000000c4700000| PB 0x00000000c4700000| Untracked 
|  72|0x00000000c4800000, 0x00000000c4800000, 0x00000000c4900000|  0%| F|  |TAMS 0x00000000c4800000| PB 0x00000000c4800000| Untracked 
|  73|0x00000000c4900000, 0x00000000c4900000, 0x00000000c4a00000|  0%| F|  |TAMS 0x00000000c4900000| PB 0x00000000c4900000| Untracked 
|  74|0x00000000c4a00000, 0x00000000c4a00000, 0x00000000c4b00000|  0%| F|  |TAMS 0x00000000c4a00000| PB 0x00000000c4a00000| Untracked 
|  75|0x00000000c4b00000, 0x00000000c4b00000, 0x00000000c4c00000|  0%| F|  |TAMS 0x00000000c4b00000| PB 0x00000000c4b00000| Untracked 
|  76|0x00000000c4c00000, 0x00000000c4c00000, 0x00000000c4d00000|  0%| F|  |TAMS 0x00000000c4c00000| PB 0x00000000c4c00000| Untracked 
|  77|0x00000000c4d00000, 0x00000000c4d00000, 0x00000000c4e00000|  0%| F|  |TAMS 0x00000000c4d00000| PB 0x00000000c4d00000| Untracked 
|  78|0x00000000c4e00000, 0x00000000c4e00000, 0x00000000c4f00000|  0%| F|  |TAMS 0x00000000c4e00000| PB 0x00000000c4e00000| Untracked 
|  79|0x00000000c4f00000, 0x00000000c4f00000, 0x00000000c5000000|  0%| F|  |TAMS 0x00000000c4f00000| PB 0x00000000c4f00000| Untracked 
|  80|0x00000000c5000000, 0x00000000c5000000, 0x00000000c5100000|  0%| F|  |TAMS 0x00000000c5000000| PB 0x00000000c5000000| Untracked 
|  81|0x00000000c5100000, 0x00000000c5100000, 0x00000000c5200000|  0%| F|  |TAMS 0x00000000c5100000| PB 0x00000000c5100000| Untracked 
|  82|0x00000000c5200000, 0x00000000c5200000, 0x00000000c5300000|  0%| F|  |TAMS 0x00000000c5200000| PB 0x00000000c5200000| Untracked 
|  83|0x00000000c5300000, 0x00000000c5300000, 0x00000000c5400000|  0%| F|  |TAMS 0x00000000c5300000| PB 0x00000000c5300000| Untracked 
|  84|0x00000000c5400000, 0x00000000c5400000, 0x00000000c5500000|  0%| F|  |TAMS 0x00000000c5400000| PB 0x00000000c5400000| Untracked 
|  85|0x00000000c5500000, 0x00000000c5500000, 0x00000000c5600000|  0%| F|  |TAMS 0x00000000c5500000| PB 0x00000000c5500000| Untracked 
|  93|0x00000000c5d00000, 0x00000000c5d040c8, 0x00000000c5e00000|  1%| E|  |TAMS 0x00000000c5d00000| PB 0x00000000c5d00000| Complete 

Card table byte_map: [0x0000026c3e2b0000,0x0000026c3e4b0000] _byte_map_base: 0x0000026c3dcb0000

Marking Bits: (CMBitMap*) 0x0000026c37de1760
 Bits: [0x0000026c3e4b0000, 0x0000026c3f4b0000)

Polling page: 0x0000026c35c20000

Metaspace:

Usage:
  Non-class:     47.49 MB used.
      Class:      6.83 MB used.
       Both:     54.32 MB used.

Virtual space:
  Non-class space:       64.00 MB reserved,      47.94 MB ( 75%) committed,  1 nodes.
      Class space:        1.00 GB reserved,       7.19 MB ( <1%) committed,  1 nodes.
             Both:        1.06 GB reserved,      55.12 MB (  5%) committed. 

Chunk freelists:
   Non-Class:  203.00 KB
       Class:  8.90 MB
        Both:  9.10 MB

MaxMetaspaceSize: unlimited
CompressedClassSpaceSize: 1.00 GB
Initial GC threshold: 21.00 MB
Current GC threshold: 91.69 MB
CDS: on
 - commit_granule_bytes: 65536.
 - commit_granule_words: 8192.
 - virtual_space_node_default_size: 8388608.
 - enlarge_chunks_in_place: 1.
 - use_allocation_guard: 0.


Internal statistics:

num_allocs_failed_limit: 6.
num_arena_births: 1684.
num_arena_deaths: 904.
num_vsnodes_births: 2.
num_vsnodes_deaths: 0.
num_space_committed: 881.
num_space_uncommitted: 0.
num_chunks_returned_to_freelist: 1069.
num_chunks_taken_from_freelist: 4094.
num_chunk_merges: 248.
num_chunk_splits: 2446.
num_chunks_enlarged: 1737.
num_inconsistent_stats: 0.

CodeCache: size=49152Kb used=2178Kb max_used=14784Kb free=46973Kb
 bounds [0x0000026c3afa0000, 0x0000026c3bee0000, 0x0000026c3dfa0000]
 total_blobs=1299, nmethods=575, adapters=647, full_count=0
Compilation: enabled, stopped_count=0, restarted_count=0

Compilation events (20 events):
Event: 6775.386 Thread 0x0000026c87ba0d80 13626       1       java.util.stream.ReferencePipeline$StatelessOp::<init> (29 bytes)
Event: 6775.386 Thread 0x0000026c879846b0 13627       1       java.util.stream.ReferencePipeline::<init> (7 bytes)
Event: 6775.386 Thread 0x0000026c41f11e10 13628       1       java.util.stream.Sink$ChainedReference::<init> (16 bytes)
Event: 6775.386 Thread 0x0000026c879846b0 nmethod 13627 0x0000026c3b8af510 code [0x0000026c3b8af6c0, 0x0000026c3b8af7a0]
Event: 6775.386 Thread 0x0000026c41f11e10 nmethod 13628 0x0000026c3b8af090 code [0x0000026c3b8af240, 0x0000026c3b8af460]
Event: 6775.386 Thread 0x0000026c879846b0 13629       1       ch.qos.logback.classic.Logger::appendLoopOnAppenders (18 bytes)
Event: 6775.387 Thread 0x0000026c87ba0d80 nmethod 13626 0x0000026c3b8aed10 code [0x0000026c3b8aeec0, 0x0000026c3b8aefb0]
Event: 6775.387 Thread 0x0000026c41f11e10 13630       1       java.lang.Thread::getName (5 bytes)
Event: 6775.387 Thread 0x0000026c87ba0d80 13631       1       ch.qos.logback.core.util.StringUtil::isNullOrEmpty (17 bytes)
Event: 6775.387 Thread 0x0000026c41f11e10 nmethod 13630 0x0000026c3b8aea10 code [0x0000026c3b8aeba0, 0x0000026c3b8aec68]
Event: 6775.387 Thread 0x0000026c87ba0d80 nmethod 13631 0x0000026c3b8ae690 code [0x0000026c3b8ae820, 0x0000026c3b8ae908]
Event: 6775.387 Thread 0x0000026c879846b0 nmethod 13629 0x0000026c3b8ae310 code [0x0000026c3b8ae4c0, 0x0000026c3b8ae5e8]
Event: 6807.440 Thread 0x0000026c41f11e10 13632       1       java.lang.ProcessImpl::createCommandLine (303 bytes)
Event: 6807.442 Thread 0x0000026c41f11e10 nmethod 13632 0x0000026c3b901e90 code [0x0000026c3b902160, 0x0000026c3b9029f8]
Event: 6830.867 Thread 0x0000026c41f11e10 13633       1       java.io.FileDescriptor$1::setHandle (6 bytes)
Event: 6830.867 Thread 0x0000026c41f11e10 nmethod 13633 0x0000026c3b8adf10 code [0x0000026c3b8ae0c0, 0x0000026c3b8ae220]
Event: 6830.867 Thread 0x0000026c41f11e10 13634       1       java.io.FileDescriptor::setHandle (33 bytes)
Event: 6830.868 Thread 0x0000026c41f11e10 nmethod 13634 0x0000026c3b8adb90 code [0x0000026c3b8add40, 0x0000026c3b8ade98]
Event: 6830.868 Thread 0x0000026c41f11e10 13635       1       java.io.FileDescriptor$1::registerCleanup (5 bytes)
Event: 6830.868 Thread 0x0000026c41f11e10 nmethod 13635 0x0000026c3b901b90 code [0x0000026c3b901d40, 0x0000026c3b901e20]

GC Heap History (20 events):
Event: 6669.870 GC heap after
{Heap after GC invocations=492 (full 436):
 garbage-first heap   total 89088K, used 39595K [0x00000000c0000000, 0x0000000100000000)
  region size 1024K, 0 young (0K), 0 survivors (0K)
 Metaspace       used 55623K, committed 56448K, reserved 1114112K
  class space    used 6997K, committed 7360K, reserved 1048576K
}
Event: 6681.288 GC heap before
{Heap before GC invocations=492 (full 436):
 garbage-first heap   total 89088K, used 39595K [0x00000000c0000000, 0x0000000100000000)
  region size 1024K, 1 young (1024K), 0 survivors (0K)
 Metaspace       used 55623K, committed 56448K, reserved 1114112K
  class space    used 6997K, committed 7360K, reserved 1048576K
}
Event: 6681.319 GC heap after
{Heap after GC invocations=493 (full 437):
 garbage-first heap   total 89088K, used 39595K [0x00000000c0000000, 0x0000000100000000)
  region size 1024K, 0 young (0K), 0 survivors (0K)
 Metaspace       used 55623K, committed 56448K, reserved 1114112K
  class space    used 6997K, committed 7360K, reserved 1048576K
}
Event: 6692.748 GC heap before
{Heap before GC invocations=493 (full 437):
 garbage-first heap   total 89088K, used 39595K [0x00000000c0000000, 0x0000000100000000)
  region size 1024K, 1 young (1024K), 0 survivors (0K)
 Metaspace       used 55623K, committed 56448K, reserved 1114112K
  class space    used 6997K, committed 7360K, reserved 1048576K
}
Event: 6692.785 GC heap after
{Heap after GC invocations=494 (full 438):
 garbage-first heap   total 89088K, used 39595K [0x00000000c0000000, 0x0000000100000000)
  region size 1024K, 0 young (0K), 0 survivors (0K)
 Metaspace       used 55623K, committed 56448K, reserved 1114112K
  class space    used 6997K, committed 7360K, reserved 1048576K
}
Event: 6704.247 GC heap before
{Heap before GC invocations=494 (full 438):
 garbage-first heap   total 89088K, used 39595K [0x00000000c0000000, 0x0000000100000000)
  region size 1024K, 1 young (1024K), 0 survivors (0K)
 Metaspace       used 55623K, committed 56448K, reserved 1114112K
  class space    used 6997K, committed 7360K, reserved 1048576K
}
Event: 6704.285 GC heap after
{Heap after GC invocations=495 (full 439):
 garbage-first heap   total 89088K, used 39595K [0x00000000c0000000, 0x0000000100000000)
  region size 1024K, 0 young (0K), 0 survivors (0K)
 Metaspace       used 55623K, committed 56448K, reserved 1114112K
  class space    used 6997K, committed 7360K, reserved 1048576K
}
Event: 6715.661 GC heap before
{Heap before GC invocations=495 (full 439):
 garbage-first heap   total 89088K, used 39595K [0x00000000c0000000, 0x0000000100000000)
  region size 1024K, 1 young (1024K), 0 survivors (0K)
 Metaspace       used 55623K, committed 56448K, reserved 1114112K
  class space    used 6997K, committed 7360K, reserved 1048576K
}
Event: 6715.705 GC heap after
{Heap after GC invocations=496 (full 440):
 garbage-first heap   total 89088K, used 39595K [0x00000000c0000000, 0x0000000100000000)
  region size 1024K, 0 young (0K), 0 survivors (0K)
 Metaspace       used 55623K, committed 56448K, reserved 1114112K
  class space    used 6997K, committed 7360K, reserved 1048576K
}
Event: 6767.384 GC heap before
{Heap before GC invocations=496 (full 440):
 garbage-first heap   total 89088K, used 39595K [0x00000000c0000000, 0x0000000100000000)
  region size 1024K, 1 young (1024K), 0 survivors (0K)
 Metaspace       used 55623K, committed 56448K, reserved 1114112K
  class space    used 6997K, committed 7360K, reserved 1048576K
}
Event: 6767.417 GC heap after
{Heap after GC invocations=497 (full 441):
 garbage-first heap   total 89088K, used 32780K [0x00000000c0000000, 0x0000000100000000)
  region size 1024K, 0 young (0K), 0 survivors (0K)
 Metaspace       used 55623K, committed 56448K, reserved 1114112K
  class space    used 6997K, committed 7360K, reserved 1048576K
}
Event: 6809.055 GC heap before
{Heap before GC invocations=497 (full 441):
 garbage-first heap   total 89088K, used 33804K [0x00000000c0000000, 0x0000000100000000)
  region size 1024K, 2 young (2048K), 0 survivors (0K)
 Metaspace       used 55623K, committed 56448K, reserved 1114112K
  class space    used 6997K, committed 7360K, reserved 1048576K
}
Event: 6809.083 GC heap after
{Heap after GC invocations=498 (full 442):
 garbage-first heap   total 89088K, used 32781K [0x00000000c0000000, 0x0000000100000000)
  region size 1024K, 0 young (0K), 0 survivors (0K)
 Metaspace       used 55623K, committed 56448K, reserved 1114112K
  class space    used 6997K, committed 7360K, reserved 1048576K
}
Event: 6820.821 GC heap before
{Heap before GC invocations=498 (full 442):
 garbage-first heap   total 89088K, used 32781K [0x00000000c0000000, 0x0000000100000000)
  region size 1024K, 1 young (1024K), 0 survivors (0K)
 Metaspace       used 55623K, committed 56448K, reserved 1114112K
  class space    used 6997K, committed 7360K, reserved 1048576K
}
Event: 6820.854 GC heap after
{Heap after GC invocations=499 (full 443):
 garbage-first heap   total 89088K, used 32781K [0x00000000c0000000, 0x0000000100000000)
  region size 1024K, 0 young (0K), 0 survivors (0K)
 Metaspace       used 55623K, committed 56448K, reserved 1114112K
  class space    used 6997K, committed 7360K, reserved 1048576K
}
Event: 6832.969 GC heap before
{Heap before GC invocations=499 (full 443):
 garbage-first heap   total 89088K, used 32781K [0x00000000c0000000, 0x0000000100000000)
  region size 1024K, 1 young (1024K), 0 survivors (0K)
 Metaspace       used 55623K, committed 56448K, reserved 1114112K
  class space    used 6997K, committed 7360K, reserved 1048576K
}
Event: 6833.017 GC heap after
{Heap after GC invocations=500 (full 444):
 garbage-first heap   total 89088K, used 32781K [0x00000000c0000000, 0x0000000100000000)
  region size 1024K, 0 young (0K), 0 survivors (0K)
 Metaspace       used 55623K, committed 56448K, reserved 1114112K
  class space    used 6997K, committed 7360K, reserved 1048576K
}
Event: 6844.784 GC heap before
{Heap before GC invocations=500 (full 444):
 garbage-first heap   total 89088K, used 32781K [0x00000000c0000000, 0x0000000100000000)
  region size 1024K, 1 young (1024K), 0 survivors (0K)
 Metaspace       used 55623K, committed 56448K, reserved 1114112K
  class space    used 6997K, committed 7360K, reserved 1048576K
}
Event: 6844.819 GC heap after
{Heap after GC invocations=501 (full 445):
 garbage-first heap   total 89088K, used 32779K [0x00000000c0000000, 0x0000000100000000)
  region size 1024K, 0 young (0K), 0 survivors (0K)
 Metaspace       used 55623K, committed 56448K, reserved 1114112K
  class space    used 6997K, committed 7360K, reserved 1048576K
}
Event: 6858.046 GC heap before
{Heap before GC invocations=501 (full 445):
 garbage-first heap   total 89088K, used 32779K [0x00000000c0000000, 0x0000000100000000)
  region size 1024K, 1 young (1024K), 0 survivors (0K)
 Metaspace       used 55623K, committed 56448K, reserved 1114112K
  class space    used 6997K, committed 7360K, reserved 1048576K
}

Dll operation events (11 events):
Event: 0.024 Loaded shared library c:\Users\Gunawan\.vscode\extensions\redhat.java-1.52.0-win32-x64\jre\21.0.9-win32-x86_64\bin\java.dll
Event: 0.566 Loaded shared library c:\Users\Gunawan\.vscode\extensions\redhat.java-1.52.0-win32-x64\jre\21.0.9-win32-x86_64\bin\zip.dll
Event: 0.594 Loaded shared library C:\Users\Gunawan\.vscode\extensions\redhat.java-1.52.0-win32-x64\jre\21.0.9-win32-x86_64\bin\net.dll
Event: 0.599 Loaded shared library C:\Users\Gunawan\.vscode\extensions\redhat.java-1.52.0-win32-x64\jre\21.0.9-win32-x86_64\bin\nio.dll
Event: 0.607 Loaded shared library C:\Users\Gunawan\.vscode\extensions\redhat.java-1.52.0-win32-x64\jre\21.0.9-win32-x86_64\bin\zip.dll
Event: 1.434 Loaded shared library C:\Users\Gunawan\.vscode\extensions\redhat.java-1.52.0-win32-x64\jre\21.0.9-win32-x86_64\bin\jimage.dll
Event: 6.085 Loaded shared library c:\Users\Gunawan\.vscode\extensions\redhat.java-1.52.0-win32-x64\jre\21.0.9-win32-x86_64\bin\verify.dll
Event: 8.545 Loaded shared library C:\Users\Gunawan\.vscode\extensions\redhat.java-1.52.0-win32-x64\jre\21.0.9-win32-x86_64\bin\management.dll
Event: 8.550 Loaded shared library C:\Users\Gunawan\.vscode\extensions\redhat.java-1.52.0-win32-x64\jre\21.0.9-win32-x86_64\bin\management_ext.dll
Event: 10.071 Loaded shared library C:\Users\Gunawan\.vscode\extensions\redhat.java-1.52.0-win32-x64\jre\21.0.9-win32-x86_64\bin\sunmscapi.dll
Event: 10.979 Loaded shared library C:\Users\Gunawan\.vscode\extensions\redhat.java-1.52.0-win32-x64\jre\21.0.9-win32-x86_64\bin\extnet.dll

Deoptimization events (6 events):
Event: 155.001 Thread 0x0000026c8857f3c0 DEOPT PACKING pc=0x0000026c3b6754dc sp=0x000000cfd83fec60
Event: 155.001 Thread 0x0000026c8857f3c0 DEOPT UNPACKING pc=0x0000026c3aff4bc2 sp=0x000000cfd83fe118 mode 0
Event: 5221.540 Thread 0x0000026c88d2cab0 DEOPT PACKING pc=0x0000026c3b2363f4 sp=0x000000cfd62febb0
Event: 5221.541 Thread 0x0000026c88d2cab0 DEOPT UNPACKING pc=0x0000026c3aff4bc2 sp=0x000000cfd62fe098 mode 0
Event: 5808.396 Thread 0x0000026c88d2bd90 DEOPT PACKING pc=0x0000026c3bce50a6 sp=0x000000cfd73fe3e0
Event: 5808.396 Thread 0x0000026c88d2bd90 DEOPT UNPACKING pc=0x0000026c3aff4bc2 sp=0x000000cfd73fd898 mode 3

Classes loaded (20 events):
Event: 5114.442 Loading class java/util/Hashtable$ValueCollection
Event: 5114.443 Loading class java/util/Hashtable$ValueCollection done
Event: 5221.530 Loading class java/util/stream/SliceOps
Event: 5221.532 Loading class java/util/stream/SliceOps done
Event: 5221.532 Loading class java/util/stream/SliceOps$1
Event: 5221.532 Loading class java/util/stream/SliceOps$1 done
Event: 5221.539 Loading class java/util/stream/SliceOps$1$1
Event: 5221.539 Loading class java/util/stream/SliceOps$1$1 done
Event: 5228.875 Loading class java/util/stream/ReferencePipeline$4
Event: 5228.875 Loading class java/util/stream/ReferencePipeline$4 done
Event: 5228.876 Loading class java/util/stream/Nodes$IntFixedNodeBuilder
Event: 5228.877 Loading class java/util/stream/Node$Builder$OfInt
Event: 5228.877 Loading class java/util/stream/Node$Builder$OfInt done
Event: 5228.877 Loading class java/util/stream/Nodes$IntArrayNode
Event: 5228.877 Loading class java/util/stream/Nodes$IntArrayNode done
Event: 5228.877 Loading class java/util/stream/Nodes$IntFixedNodeBuilder done
Event: 5228.877 Loading class java/util/stream/ReferencePipeline$4$1
Event: 5228.877 Loading class java/util/stream/ReferencePipeline$4$1 done
Event: 5371.544 Loading class java/util/logging/LogRecord
Event: 5371.545 Loading class java/util/logging/LogRecord done

Classes unloaded (20 events):
Event: 6455.784 Thread 0x0000026c41ee60b0 Unloading class 0x0000026c43181c00 'java/lang/invoke/LambdaForm$DMH+0x0000026c43181c00'
Event: 6455.784 Thread 0x0000026c41ee60b0 Unloading class 0x0000026c436db800 'java/lang/invoke/LambdaForm$DMH+0x0000026c436db800'
Event: 6455.784 Thread 0x0000026c41ee60b0 Unloading class 0x0000026c43439800 'java/lang/invoke/LambdaForm$MH+0x0000026c43439800'
Event: 6455.784 Thread 0x0000026c41ee60b0 Unloading class 0x0000026c4344e800 'java/lang/invoke/LambdaForm$MH+0x0000026c4344e800'
Event: 6455.784 Thread 0x0000026c41ee60b0 Unloading class 0x0000026c436d8400 'java/lang/invoke/LambdaForm$MH+0x0000026c436d8400'
Event: 6455.784 Thread 0x0000026c41ee60b0 Unloading class 0x0000026c436a8000 'java/lang/invoke/LambdaForm$MH+0x0000026c436a8000'
Event: 6455.784 Thread 0x0000026c41ee60b0 Unloading class 0x0000026c436a6c00 'java/lang/invoke/LambdaForm$MH+0x0000026c436a6c00'
Event: 6455.784 Thread 0x0000026c41ee60b0 Unloading class 0x0000026c436a4800 'java/lang/invoke/LambdaForm$MH+0x0000026c436a4800'
Event: 6455.784 Thread 0x0000026c41ee60b0 Unloading class 0x0000026c43725400 'java/lang/invoke/LambdaForm$MH+0x0000026c43725400'
Event: 6455.785 Thread 0x0000026c41ee60b0 Unloading class 0x0000026c43723400 'java/lang/invoke/LambdaForm$MH+0x0000026c43723400'
Event: 6455.785 Thread 0x0000026c41ee60b0 Unloading class 0x0000026c43722c00 'java/lang/invoke/LambdaForm$BMH+0x0000026c43722c00'
Event: 6455.785 Thread 0x0000026c41ee60b0 Unloading class 0x0000026c43720800 'java/lang/invoke/LambdaForm$DMH+0x0000026c43720800'
Event: 6455.785 Thread 0x0000026c41ee60b0 Unloading class 0x0000026c43658c00 'java/lang/invoke/LambdaForm$MH+0x0000026c43658c00'
Event: 6455.785 Thread 0x0000026c41ee60b0 Unloading class 0x0000026c43722400 'java/lang/invoke/LambdaForm$MH+0x0000026c43722400'
Event: 6455.785 Thread 0x0000026c41ee60b0 Unloading class 0x0000026c43727000 'java/lang/invoke/LambdaForm$MH+0x0000026c43727000'
Event: 6455.785 Thread 0x0000026c41ee60b0 Unloading class 0x0000026c43724400 'java/lang/invoke/LambdaForm$MH+0x0000026c43724400'
Event: 6455.785 Thread 0x0000026c41ee60b0 Unloading class 0x0000026c43658800 'java/lang/invoke/LambdaForm$MH+0x0000026c43658800'
Event: 6455.785 Thread 0x0000026c41ee60b0 Unloading class 0x0000026c43722000 'java/lang/invoke/LambdaForm$MH+0x0000026c43722000'
Event: 6455.785 Thread 0x0000026c41ee60b0 Unloading class 0x0000026c43727400 'java/lang/invoke/LambdaForm$MH+0x0000026c43727400'
Event: 6455.785 Thread 0x0000026c41ee60b0 Unloading class 0x0000026c43724000 'java/lang/invoke/LambdaForm$MH+0x0000026c43724000'

Classes redefined (0 events):
No events

Internal exceptions (20 events):
Event: 6045.286 Thread 0x0000026c88d2b700 Exception <a 'java/lang/NoSuchMethodError'{0x00000000c4f35508}: 'void java.lang.invoke.DelegatingMethodHandle$Holder.reinvoke_L(java.lang.Object, java.lang.Object, long)'> (0x00000000c4f35508) 
thrown [s\src\hotspot\share\interpreter\linkResolver.cpp, line 773]
Event: 6045.287 Thread 0x0000026c88d2b700 Exception <a 'java/lang/NoSuchMethodError'{0x00000000c4f4bfe8}: 'void java.lang.invoke.DelegatingMethodHandle$Holder.reinvoke_L(java.lang.Object, java.lang.Object, int)'> (0x00000000c4f4bfe8) 
thrown [s\src\hotspot\share\interpreter\linkResolver.cpp, line 773]
Event: 6116.094 Thread 0x0000026c892fa300 Exception <a 'java/lang/NoSuchMethodError'{0x00000000c5db9628}: 'java.lang.Object java.lang.invoke.DirectMethodHandle$Holder.newInvokeSpecial(java.lang.Object, java.lang.Object, java.lang.Object, java.lang.Object, java.lang.Object, java.lang.Object, java.lang.Object, int)'> (0x00000000c5db9628) 
thrown [s\src\hotspot\share\interpreter\linkResolver.cpp, line 773]
Event: 6116.094 Thread 0x0000026c892fa300 Exception <a 'java/lang/NoSuchMethodError'{0x00000000c5dbd320}: 'java.lang.Object java.lang.invoke.DelegatingMethodHandle$Holder.reinvoke_L(java.lang.Object, java.lang.Object, java.lang.Object, java.lang.Object, java.lang.Object, java.lang.Object, java.lang.Object, int)'> (0x00000000c5dbd320) 
thrown [s\src\hotspot\share\interpreter\linkResolver.cpp, line 773]
Event: 6116.100 Thread 0x0000026c892fa300 Exception <a 'java/lang/NoSuchMethodError'{0x00000000c5deef08}: 'java.lang.Object java.lang.invoke.DirectMethodHandle$Holder.invokeSpecial(java.lang.Object, java.lang.Object, java.lang.Object, java.lang.Object, java.lang.Object, int, int, int)'> (0x00000000c5deef08) 
thrown [s\src\hotspot\share\interpreter\linkResolver.cpp, line 773]
Event: 6116.100 Thread 0x0000026c892fa300 Exception <a 'java/lang/NoSuchMethodError'{0x00000000c5503768}: 'java.lang.Object java.lang.invoke.DirectMethodHandle$Holder.invokeSpecial(java.lang.Object, java.lang.Object, java.lang.Object, java.lang.Object, java.lang.Object, java.lang.Object, int, int, int)'> (0x00000000c5503768) 
thrown [s\src\hotspot\share\interpreter\linkResolver.cpp, line 773]
Event: 6116.101 Thread 0x0000026c892fa300 Exception <a 'java/lang/NoSuchMethodError'{0x00000000c5507478}: 'java.lang.Object java.lang.invoke.DelegatingMethodHandle$Holder.reinvoke_L(java.lang.Object, java.lang.Object, java.lang.Object, java.lang.Object, java.lang.Object, int, int, int)'> (0x00000000c5507478) 
thrown [s\src\hotspot\share\interpreter\linkResolver.cpp, line 773]
Event: 6116.108 Thread 0x0000026c892fa300 Exception <a 'java/lang/NoSuchMethodError'{0x00000000c5569ef0}: 'void java.lang.invoke.DelegatingMethodHandle$Holder.reinvoke_L(java.lang.Object, java.lang.Object, int)'> (0x00000000c5569ef0) 
thrown [s\src\hotspot\share\interpreter\linkResolver.cpp, line 773]
Event: 6116.110 Thread 0x0000026c892fa300 Exception <a 'java/lang/NoSuchMethodError'{0x00000000c5575970}: 'java.lang.Object java.lang.invoke.DirectMethodHandle$Holder.invokeSpecial(java.lang.Object, java.lang.Object, java.lang.Object, java.lang.Object, int, java.lang.Object, int, java.lang.Object, java.lang.Object, int, java.lang.Object, int)'> (0x00000000c5575970) 
thrown [s\src\hotspot\share\interpreter\linkResolver.cpp, line 773]
Event: 6116.110 Thread 0x0000026c892fa300 Exception <a 'java/lang/NoSuchMethodError'{0x00000000c5579c70}: 'java.lang.Object java.lang.invoke.DelegatingMethodHandle$Holder.reinvoke_L(java.lang.Object, java.lang.Object, java.lang.Object, int, java.lang.Object, int, java.lang.Object, java.lang.Object, int, java.lang.Object, int)'> (0x00000000c5579c70) 
thrown [s\src\hotspot\share\interpreter\linkResolver.cpp, line 773]
Event: 6116.497 Thread 0x0000026c88d2b700 Exception <a 'java/lang/NoSuchMethodError'{0x00000000c48575e0}: 'long java.lang.invoke.DelegatingMethodHandle$Holder.reinvoke_L(java.lang.Object, java.lang.Object)'> (0x00000000c48575e0) 
thrown [s\src\hotspot\share\interpreter\linkResolver.cpp, line 773]
Event: 6116.500 Thread 0x0000026c88d2b700 Exception <a 'java/lang/NoSuchMethodError'{0x00000000c485dc90}: 'void java.lang.invoke.DelegatingMethodHandle$Holder.reinvoke_L(java.lang.Object, java.lang.Object, long)'> (0x00000000c485dc90) 
thrown [s\src\hotspot\share\interpreter\linkResolver.cpp, line 773]
Event: 6390.475 Thread 0x0000026c892fa300 Exception <a 'java/lang/NoSuchMethodError'{0x00000000c5242578}: 'java.lang.Object java.lang.invoke.DirectMethodHandle$Holder.newInvokeSpecial(java.lang.Object, java.lang.Object, java.lang.Object, java.lang.Object, java.lang.Object, java.lang.Object, java.lang.Object, int)'> (0x00000000c5242578) 
thrown [s\src\hotspot\share\interpreter\linkResolver.cpp, line 773]
Event: 6390.476 Thread 0x0000026c892fa300 Exception <a 'java/lang/NoSuchMethodError'{0x00000000c5246270}: 'java.lang.Object java.lang.invoke.DelegatingMethodHandle$Holder.reinvoke_L(java.lang.Object, java.lang.Object, java.lang.Object, java.lang.Object, java.lang.Object, java.lang.Object, java.lang.Object, int)'> (0x00000000c5246270) 
thrown [s\src\hotspot\share\interpreter\linkResolver.cpp, line 773]
Event: 6390.478 Thread 0x0000026c892fa300 Exception <a 'java/lang/NoSuchMethodError'{0x00000000c5287d48}: 'java.lang.Object java.lang.invoke.DirectMethodHandle$Holder.invokeSpecial(java.lang.Object, java.lang.Object, java.lang.Object, java.lang.Object, java.lang.Object, int, int, int)'> (0x00000000c5287d48) 
thrown [s\src\hotspot\share\interpreter\linkResolver.cpp, line 773]
Event: 6390.478 Thread 0x0000026c892fa300 Exception <a 'java/lang/NoSuchMethodError'{0x00000000c528c1b0}: 'java.lang.Object java.lang.invoke.DirectMethodHandle$Holder.invokeSpecial(java.lang.Object, java.lang.Object, java.lang.Object, java.lang.Object, java.lang.Object, java.lang.Object, int, int, int)'> (0x00000000c528c1b0) 
thrown [s\src\hotspot\share\interpreter\linkResolver.cpp, line 773]
Event: 6390.478 Thread 0x0000026c892fa300 Exception <a 'java/lang/NoSuchMethodError'{0x00000000c528fec0}: 'java.lang.Object java.lang.invoke.DelegatingMethodHandle$Holder.reinvoke_L(java.lang.Object, java.lang.Object, java.lang.Object, java.lang.Object, java.lang.Object, int, int, int)'> (0x00000000c528fec0) 
thrown [s\src\hotspot\share\interpreter\linkResolver.cpp, line 773]
Event: 6390.552 Thread 0x0000026c892fa300 Exception <a 'java/lang/NoSuchMethodError'{0x00000000c4518670}: 'void java.lang.invoke.DelegatingMethodHandle$Holder.reinvoke_L(java.lang.Object, java.lang.Object, int)'> (0x00000000c4518670) 
thrown [s\src\hotspot\share\interpreter\linkResolver.cpp, line 773]
Event: 6390.553 Thread 0x0000026c892fa300 Exception <a 'java/lang/NoSuchMethodError'{0x00000000c45240e0}: 'java.lang.Object java.lang.invoke.DirectMethodHandle$Holder.invokeSpecial(java.lang.Object, java.lang.Object, java.lang.Object, java.lang.Object, int, java.lang.Object, int, java.lang.Object, java.lang.Object, int, java.lang.Object, int)'> (0x00000000c45240e0) 
thrown [s\src\hotspot\share\interpreter\linkResolver.cpp, line 773]
Event: 6390.553 Thread 0x0000026c892fa300 Exception <a 'java/lang/NoSuchMethodError'{0x00000000c45283e0}: 'java.lang.Object java.lang.invoke.DelegatingMethodHandle$Holder.reinvoke_L(java.lang.Object, java.lang.Object, java.lang.Object, int, java.lang.Object, int, java.lang.Object, java.lang.Object, int, java.lang.Object, int)'> (0x00000000c45283e0) 
thrown [s\src\hotspot\share\interpreter\linkResolver.cpp, line 773]

ZGC Phase Switch (0 events):
No events

VM Operations (20 events):
Event: 6732.822 Executing VM operation: Cleanup done
Event: 6767.384 Executing VM operation: G1CollectFull (System.gc())
Event: 6767.417 Executing VM operation: G1CollectFull (System.gc()) done
Event: 6772.439 Executing VM operation: Cleanup
Event: 6772.439 Executing VM operation: Cleanup done
Event: 6773.439 Executing VM operation: Cleanup
Event: 6773.439 Executing VM operation: Cleanup done
Event: 6774.443 Executing VM operation: Cleanup
Event: 6774.443 Executing VM operation: Cleanup done
Event: 6775.445 Executing VM operation: Cleanup
Event: 6775.445 Executing VM operation: Cleanup done
Event: 6809.055 Executing VM operation: G1CollectFull (System.gc())
Event: 6809.083 Executing VM operation: G1CollectFull (System.gc()) done
Event: 6820.821 Executing VM operation: G1CollectFull (System.gc())
Event: 6820.854 Executing VM operation: G1CollectFull (System.gc()) done
Event: 6832.969 Executing VM operation: G1CollectFull (System.gc())
Event: 6833.017 Executing VM operation: G1CollectFull (System.gc()) done
Event: 6844.784 Executing VM operation: G1CollectFull (System.gc())
Event: 6844.819 Executing VM operation: G1CollectFull (System.gc()) done
Event: 6858.046 Executing VM operation: G1CollectFull (System.gc())

Memory protections (0 events):
No events

Nmethod flushes (20 events):
Event: 6844.808 Thread 0x0000026c41ee60b0 flushing  nmethod 0x0000026c3b7b8f10
Event: 6844.808 Thread 0x0000026c41ee60b0 flushing  nmethod 0x0000026c3b7b9510
Event: 6844.808 Thread 0x0000026c41ee60b0 flushing  nmethod 0x0000026c3b7c2290
Event: 6844.808 Thread 0x0000026c41ee60b0 flushing  nmethod 0x0000026c3b7c2a90
Event: 6844.808 Thread 0x0000026c41ee60b0 flushing  nmethod 0x0000026c3b7c3490
Event: 6844.808 Thread 0x0000026c41ee60b0 flushing  nmethod 0x0000026c3b875610
Event: 6844.808 Thread 0x0000026c41ee60b0 flushing  nmethod 0x0000026c3b875910
Event: 6844.808 Thread 0x0000026c41ee60b0 flushing  nmethod 0x0000026c3b880690
Event: 6844.808 Thread 0x0000026c41ee60b0 flushing  nmethod 0x0000026c3b880990
Event: 6844.808 Thread 0x0000026c41ee60b0 flushing  nmethod 0x0000026c3b89b290
Event: 6844.808 Thread 0x0000026c41ee60b0 flushing  nmethod 0x0000026c3b89b890
Event: 6844.808 Thread 0x0000026c41ee60b0 flushing  nmethod 0x0000026c3b89bc10
Event: 6844.808 Thread 0x0000026c41ee60b0 flushing  nmethod 0x0000026c3b928890
Event: 6844.808 Thread 0x0000026c41ee60b0 flushing  nmethod 0x0000026c3b92df10
Event: 6844.808 Thread 0x0000026c41ee60b0 flushing  nmethod 0x0000026c3b92e710
Event: 6844.808 Thread 0x0000026c41ee60b0 flushing  nmethod 0x0000026c3b93fb10
Event: 6844.808 Thread 0x0000026c41ee60b0 flushing  nmethod 0x0000026c3b940090
Event: 6844.808 Thread 0x0000026c41ee60b0 flushing  nmethod 0x0000026c3b940410
Event: 6844.808 Thread 0x0000026c41ee60b0 flushing  nmethod 0x0000026c3b940710
Event: 6844.808 Thread 0x0000026c41ee60b0 flushing  nmethod 0x0000026c3b942410

Events (20 events):
Event: 6731.052 Thread 0x0000026c41f11e10 Thread added: 0x0000026c87ba0d80
Event: 6731.052 Thread 0x0000026c41f11e10 Thread added: 0x0000026c87276150
Event: 6731.170 Thread 0x0000026c892fc3d0 Thread added: 0x0000026c892fca60
Event: 6737.067 Thread 0x0000026c87ba0d80 Thread exited: 0x0000026c87ba0d80
Event: 6737.068 Thread 0x0000026c87276150 Thread exited: 0x0000026c87276150
Event: 6742.080 Thread 0x0000026c879846b0 Thread exited: 0x0000026c879846b0
Event: 6771.750 Thread 0x0000026c41f11e10 Thread added: 0x0000026c879846b0
Event: 6771.750 Thread 0x0000026c41f11e10 Thread added: 0x0000026c87ba0d80
Event: 6771.750 Thread 0x0000026c41f11e10 Thread added: 0x0000026c87276150
Event: 6772.645 Thread 0x0000026c87ba0d80 Thread exited: 0x0000026c87ba0d80
Event: 6772.646 Thread 0x0000026c87276150 Thread exited: 0x0000026c87276150
Event: 6774.142 Thread 0x0000026c879846b0 Thread added: 0x0000026c87ba0d80
Event: 6774.142 Thread 0x0000026c879846b0 Thread added: 0x0000026c87276150
Event: 6775.384 Thread 0x0000026c87276150 Thread exited: 0x0000026c87276150
Event: 6775.384 Thread 0x0000026c8857f3c0 Thread added: 0x0000026c892fa300
Event: 6780.401 Thread 0x0000026c87ba0d80 Thread exited: 0x0000026c87ba0d80
Event: 6780.401 Thread 0x0000026c879846b0 Thread exited: 0x0000026c879846b0
Event: 6833.906 Thread 0x0000026c892fca60 Thread exited: 0x0000026c892fca60
Event: 6834.893 Thread 0x0000026c892fd780 Thread exited: 0x0000026c892fd780
Event: 6835.389 Thread 0x0000026c892fa300 Thread exited: 0x0000026c892fa300


Dynamic libraries:
0x00007ff74a3b0000 - 0x00007ff74a3be000 	c:\Users\Gunawan\.vscode\extensions\redhat.java-1.52.0-win32-x64\jre\21.0.9-win32-x86_64\bin\java.exe
0x00007ff88f9a0000 - 0x00007ff88fc07000 	C:\WINDOWS\SYSTEM32\ntdll.dll
0x00007ff88d7a0000 - 0x00007ff88d869000 	C:\WINDOWS\System32\KERNEL32.DLL
0x00007ff88ce30000 - 0x00007ff88d220000 	C:\WINDOWS\System32\KERNELBASE.dll
0x00007ff88d460000 - 0x00007ff88d5ab000 	C:\WINDOWS\System32\ucrtbase.dll
0x00007ff874ad0000 - 0x00007ff874ae8000 	c:\Users\Gunawan\.vscode\extensions\redhat.java-1.52.0-win32-x64\jre\21.0.9-win32-x86_64\bin\jli.dll
0x00007ff85c290000 - 0x00007ff85c2ae000 	c:\Users\Gunawan\.vscode\extensions\redhat.java-1.52.0-win32-x64\jre\21.0.9-win32-x86_64\bin\VCRUNTIME140.dll
0x00007ff88db50000 - 0x00007ff88dd15000 	C:\WINDOWS\System32\USER32.dll
0x00007ff88d230000 - 0x00007ff88d257000 	C:\WINDOWS\System32\win32u.dll
0x00007ff88dfa0000 - 0x00007ff88dfcb000 	C:\WINDOWS\System32\GDI32.dll
0x00007ff873f20000 - 0x00007ff8741ba000 	C:\WINDOWS\WinSxS\amd64_microsoft.windows.common-controls_6595b64144ccf1df_6.0.26100.4768_none_3e0c112ce331287c\COMCTL32.dll
0x00007ff88d320000 - 0x00007ff88d458000 	C:\WINDOWS\System32\gdi32full.dll
0x00007ff88cad0000 - 0x00007ff88cb73000 	C:\WINDOWS\System32\msvcp_win.dll
0x00007ff88f540000 - 0x00007ff88f5e9000 	C:\WINDOWS\System32\msvcrt.dll
0x00007ff88de60000 - 0x00007ff88de8f000 	C:\WINDOWS\System32\IMM32.DLL
0x00007ff877ee0000 - 0x00007ff877eec000 	c:\Users\Gunawan\.vscode\extensions\redhat.java-1.52.0-win32-x64\jre\21.0.9-win32-x86_64\bin\vcruntime140_1.dll
0x00007ff82de40000 - 0x00007ff82decd000 	c:\Users\Gunawan\.vscode\extensions\redhat.java-1.52.0-win32-x64\jre\21.0.9-win32-x86_64\bin\msvcp140.dll
0x00007fffcd9f0000 - 0x00007fffce790000 	c:\Users\Gunawan\.vscode\extensions\redhat.java-1.52.0-win32-x64\jre\21.0.9-win32-x86_64\bin\server\jvm.dll
0x00007ff88dd20000 - 0x00007ff88ddd4000 	C:\WINDOWS\System32\ADVAPI32.dll
0x00007ff88eba0000 - 0x00007ff88ec46000 	C:\WINDOWS\System32\sechost.dll
0x00007ff88dfd0000 - 0x00007ff88e0e8000 	C:\WINDOWS\System32\RPCRT4.dll
0x00007ff88dde0000 - 0x00007ff88de54000 	C:\WINDOWS\System32\WS2_32.dll
0x00007ff88c950000 - 0x00007ff88c9ae000 	C:\WINDOWS\SYSTEM32\POWRPROF.dll
0x00007ff886070000 - 0x00007ff8860a5000 	C:\WINDOWS\SYSTEM32\WINMM.dll
0x00007ff8860b0000 - 0x00007ff8860bb000 	C:\WINDOWS\SYSTEM32\VERSION.dll
0x00007ff88c930000 - 0x00007ff88c944000 	C:\WINDOWS\SYSTEM32\UMPDC.dll
0x00007ff88b850000 - 0x00007ff88b86b000 	C:\WINDOWS\SYSTEM32\kernel.appcore.dll
0x00007ff874d30000 - 0x00007ff874d3a000 	c:\Users\Gunawan\.vscode\extensions\redhat.java-1.52.0-win32-x64\jre\21.0.9-win32-x86_64\bin\jimage.dll
0x00007ff881ad0000 - 0x00007ff881d11000 	C:\WINDOWS\SYSTEM32\DBGHELP.DLL
0x00007ff88e2a0000 - 0x00007ff88e625000 	C:\WINDOWS\System32\combase.dll
0x00007ff88f600000 - 0x00007ff88f6e0000 	C:\WINDOWS\System32\OLEAUT32.dll
0x00007ff8653e0000 - 0x00007ff865423000 	C:\WINDOWS\SYSTEM32\dbgcore.DLL
0x00007ff88cd00000 - 0x00007ff88cd99000 	C:\WINDOWS\System32\bcryptPrimitives.dll
0x00007ff8551d0000 - 0x00007ff8551f0000 	c:\Users\Gunawan\.vscode\extensions\redhat.java-1.52.0-win32-x64\jre\21.0.9-win32-x86_64\bin\java.dll
0x00007ff88edf0000 - 0x00007ff88f53d000 	C:\WINDOWS\System32\SHELL32.dll
0x00007ff88cb80000 - 0x00007ff88ccf3000 	C:\WINDOWS\System32\wintypes.dll
0x00007ff88a6f0000 - 0x00007ff88af50000 	C:\WINDOWS\SYSTEM32\windows.storage.dll
0x00007ff88ecf0000 - 0x00007ff88ede5000 	C:\WINDOWS\System32\SHCORE.dll
0x00007ff88d870000 - 0x00007ff88d8da000 	C:\WINDOWS\System32\shlwapi.dll
0x00007ff88c9c0000 - 0x00007ff88c9e9000 	C:\WINDOWS\SYSTEM32\profapi.dll
0x00007ff8545c0000 - 0x00007ff8545d8000 	c:\Users\Gunawan\.vscode\extensions\redhat.java-1.52.0-win32-x64\jre\21.0.9-win32-x86_64\bin\zip.dll
0x00007ff8739c0000 - 0x00007ff8739d0000 	C:\Users\Gunawan\.vscode\extensions\redhat.java-1.52.0-win32-x64\jre\21.0.9-win32-x86_64\bin\net.dll
0x00007ff883590000 - 0x00007ff8836ae000 	C:\WINDOWS\SYSTEM32\WINHTTP.dll
0x00007ff88bde0000 - 0x00007ff88be4b000 	C:\WINDOWS\system32\mswsock.dll
0x00007ff853f30000 - 0x00007ff853f46000 	C:\Users\Gunawan\.vscode\extensions\redhat.java-1.52.0-win32-x64\jre\21.0.9-win32-x86_64\bin\nio.dll
0x00007ff8720c0000 - 0x00007ff8720d0000 	c:\Users\Gunawan\.vscode\extensions\redhat.java-1.52.0-win32-x64\jre\21.0.9-win32-x86_64\bin\verify.dll
0x00007ff88c0a0000 - 0x00007ff88c0bb000 	C:\WINDOWS\SYSTEM32\CRYPTSP.dll
0x00007ff88b7b0000 - 0x00007ff88b7eb000 	C:\WINDOWS\system32\rsaenh.dll
0x00007ff88be80000 - 0x00007ff88beab000 	C:\WINDOWS\SYSTEM32\USERENV.dll
0x00007ff88c9f0000 - 0x00007ff88ca16000 	C:\WINDOWS\SYSTEM32\bcrypt.dll
0x00007ff88c0c0000 - 0x00007ff88c0cc000 	C:\WINDOWS\SYSTEM32\CRYPTBASE.dll
0x00007ff88b260000 - 0x00007ff88b293000 	C:\WINDOWS\SYSTEM32\IPHLPAPI.DLL
0x00007ff88ec50000 - 0x00007ff88ec5a000 	C:\WINDOWS\System32\NSI.dll
0x00007ff854660000 - 0x00007ff85466a000 	C:\Users\Gunawan\.vscode\extensions\redhat.java-1.52.0-win32-x64\jre\21.0.9-win32-x86_64\bin\management.dll
0x00007ff850630000 - 0x00007ff85063c000 	C:\Users\Gunawan\.vscode\extensions\redhat.java-1.52.0-win32-x64\jre\21.0.9-win32-x86_64\bin\management_ext.dll
0x00007ff88d9d0000 - 0x00007ff88d9d8000 	C:\WINDOWS\System32\PSAPI.DLL
0x00007ff850620000 - 0x00007ff85062e000 	C:\Users\Gunawan\.vscode\extensions\redhat.java-1.52.0-win32-x64\jre\21.0.9-win32-x86_64\bin\sunmscapi.dll
0x00007ff88d5b0000 - 0x00007ff88d727000 	C:\WINDOWS\System32\CRYPT32.dll
0x00007ff88c240000 - 0x00007ff88c270000 	C:\WINDOWS\SYSTEM32\ncrypt.dll
0x00007ff88c1f0000 - 0x00007ff88c22f000 	C:\WINDOWS\SYSTEM32\NTASN1.dll
0x00007ff88b2f0000 - 0x00007ff88b416000 	C:\WINDOWS\SYSTEM32\DNSAPI.dll
0x00007ff872160000 - 0x00007ff87216b000 	C:\Windows\System32\rasadhlp.dll
0x00007ff882ab0000 - 0x00007ff882b36000 	C:\WINDOWS\System32\fwpuclnt.dll
0x00007ff8500c0000 - 0x00007ff8500c9000 	C:\Users\Gunawan\.vscode\extensions\redhat.java-1.52.0-win32-x64\jre\21.0.9-win32-x86_64\bin\extnet.dll

JVMTI agents: none

dbghelp: loaded successfully - version: 4.0.5 - missing functions: none
symbol engine: initialized successfully - sym options: 0x614 - pdb path: .;c:\Users\Gunawan\.vscode\extensions\redhat.java-1.52.0-win32-x64\jre\21.0.9-win32-x86_64\bin;C:\WINDOWS\SYSTEM32;C:\WINDOWS\WinSxS\amd64_microsoft.windows.common-controls_6595b64144ccf1df_6.0.26100.4768_none_3e0c112ce331287c;c:\Users\Gunawan\.vscode\extensions\redhat.java-1.52.0-win32-x64\jre\21.0.9-win32-x86_64\bin\server

VM Arguments:
jvm_args: -Xmx1024m -Dsts.lsp.client=vscode -Dsts.log.file=/dev/null -XX:TieredStopAtLevel=1 -Xlog:jni+resolve=off -Dspring.config.location=file:c:\Users\Gunawan\.vscode\extensions\vmware.vscode-spring-boot-1.56.0\language-server\BOOT-INF\classes\application.properties 
java_command: org.springframework.ide.vscode.boot.app.BootLanguageServerBootApp
java_class_path (initial): c:\Users\Gunawan\.vscode\extensions\vmware.vscode-spring-boot-1.56.0\language-server\BOOT-INF\classes;c:\Users\Gunawan\.vscode\extensions\vmware.vscode-spring-boot-1.56.0\language-server\BOOT-INF\lib\annotations-24.1.0.jar;c:\Users\Gunawan\.vscode\extensions\vmware.vscode-spring-boot-1.56.0\language-server\BOOT-INF\lib\antlr4-runtime-4.13.1.jar;c:\Users\Gunawan\.vscode\extensions\vmware.vscode-spring-boot-1.56.0\language-server\BOOT-INF\lib\asm-9.7.jar;c:\Users\Gunawan\.vscode\extensions\vmware.vscode-spring-boot-1.56.0\language-server\BOOT-INF\lib\asm-analysis-9.7.jar;c:\Users\Gunawan\.vscode\extensions\vmware.vscode-spring-boot-1.56.0\language-server\BOOT-INF\lib\asm-tree-9.7.jar;c:\Users\Gunawan\.vscode\extensions\vmware.vscode-spring-boot-1.56.0\language-server\BOOT-INF\lib\asm-util-9.7.jar;c:\Users\Gunawan\.vscode\extensions\vmware.vscode-spring-boot-1.56.0\language-server\BOOT-INF\lib\caffeine-3.1.8.jar;c:\Users\Gunawan\.vscode\extensions\vmware.vscode-spring-boot-1.56.0\language-server\BOOT-INF\lib\checker-qual-3.12.0.jar;c:\Users\Gunawan\.vscode\extensions\vmware.vscode-spring-boot-1.56.0\language-server\BOOT-INF\lib\classgraph-4.8.149.jar;c:\Users\Gunawan\.vscode\extensions\vmware.vscode-spring-boot-1.56.0\language-server\BOOT-INF\lib\commons-codec-1.16.1.jar;c:\Users\Gunawan\.vscode\extensions\vmware.vscode-spring-boot-1.56.0\language-server\BOOT-INF\lib\commons-compress-1.26.2.jar;c:\Users\Gunawan\.vscode\extensions\vmware.vscode-spring-boot-1.56.0\language-server\BOOT-INF\lib\commons-io-2.16.1.jar;c:\Users\Gunawan\.vscode\extensions\vmware.vscode-spring-boot-1.56.0\language-server\BOOT-INF\lib\commons-java-1.56.0-SNAPSHOT.jar;c:\Users\Gunawan\.vscode\extensions\vmware.vscode-spring-boot-1.56.0\language-server\BOOT-INF\lib\commons-lang3-3.14.0.jar;c:\Users\Gunawan\.vscode\extensions\vmware.vscode-spring-boot-1.56.0\language-server\BOOT-INF\lib\commons-language-server-1.56.0-SNAPSHOT.jar;c:\Users\Gunawan\.vscode\extensions\vmware.vscode-spring-boot-1.56.0\language-server\BOOT-INF\lib\commons-lsp-extensions-1.56.0-SNAPSHOT.jar;c:\Users\Gunawan\.vscode\extensions\vmware.vscode-spring-boot-1.56.0\language-server\BOOT-INF\lib\commons-rewrite-1.56.0-SNAPSHOT.jar;c:\Users\Gunawan\.vscode\extensions\vmware.vscode-spring-boot-1.56.0\language-server\BOOT-INF\lib\commons-text-1.12.0.jar;c:\Users\Gunawan\.vscode\extensions\vmware.vscode-spring-boot-1.56.0\language-server\BOOT-INF\lib\commons-util-1.56.0-SNAPSHOT.jar;c:\Users\Gunawan\.vscode\extensions\vmware.vscode-spring-boot-1.56.0\language-server\BOOT-INF\lib\commons-yaml-1.56.0-SNAPSHOT.jar;c:\Users\Gunawan\.vscode\extensions\vmware.vscode-spring-boot-1.56.0\language-server\BOOT-INF\lib\docker-java-api-3.3.6.jar;c:\Users\Gunawan\.vscode\extensions\vmware.vscode-spring-boot-1.56.0\language-server\BOOT-INF\lib\docker-java-transport-3.3.6.jar;c:\Users\Gunawan\.vscode\extensions\vmware.vscode-spring-boot-1.56.0\language-server\BOOT-INF\lib\docker-java-transport-zerodep-3.3.6.jar;c:\Users\Gunawan\.vscode\extensions\vmware.vscode-spring-boot-1.56.0\language-server\BOOT-INF\lib\duct-tape-1.0.8.jar;c:\Users\Gunawan\.vscode\extensions\vmware.vscode-spring-boot-1.56.0\language-server\BOOT-INF\lib\ecj-3.38.0.jar;c:\Users\Gunawan\.vscode\extensions\vmware.vscode-spring-boot-1.56.0\language-server\BOOT-INF\lib\error_prone_annotations-2.11.0.jar;c:\Users\Gunawan\.vscode\extensions\vmware.vscode-spring-boot-1.56.0\language-server\BOOT-INF\lib\failsafe-3.3.2.jar;c:\Users\Gunawan\.vscode\extensions\vmware.vscode-spring-boot-1.56.0\language-server\BOOT-INF\lib\failureaccess-1.0.1.jar;c:\Users\Gunawan\.vscode\extensions\vmware.vscode-spring-boot-1.56.0\language-server\BOOT-INF\lib\fastfilter-1.0.2.jar;c:\Users\Gunawan\.vscode\extensions\vmware.vscode-spring-boot-1.56.0\language-server\BOOT-INF\lib\functionaljava-5.0.jar;c:\Users\Gunawan\.vscode\extensions\vmware.vscode-spring-boot-1.56.0\language-server\BOOT-INF\lib\gizmo-1.0.11.Final.jar;c:\Users\Gunawan\.vscode\extensions\vmware.vscode-spring-boot-1.56.0\language-server\BOOT-INF\lib\gradle-tooling-api-8.4.jar;c:\Users\Gunawan\.vscode\extensions\vmware.vscode-spring-boot-1.56.0\language-server\BOOT-INF\lib\groovy-3.0.22.jar;c:\Users\Gunawan\.vscode\extensions\vmware.vscode-spring-boot-1.56.0\language-server\BOOT-INF\lib\gson-2.10.1.jar;c:\Users\Gunawan\.vscode\extensions\vmware.vscode-spring-boot-1.56.0\language-server\BOOT-INF\lib\guava-31.1-jre.jar;c:\Users\Gunawan\.vscode\extensions\vmware.vscode-spring-boot-1.56.0\language-server\BOOT-INF\lib\hamcrest-2.2.jar;c:\Users\Gunawan\.vscode\extensions\vmware.vscode-spring-boot-1.56.0\language-server\BOOT-INF\lib\hamcrest-core-2.2.jar;c:\Users\Gunawan\.vscode\extensions\vmware.vscode-spring-boot-1.56.0\language-server\BOOT-INF\lib\HdrHistogram-2.2.2.jar;c:\Users\Gunawan\.vscode\extensions\vmware.vscode-spring-boot-1.56.0\language-server\BOOT-INF\lib\isorelax-20030108.jar;c:\Users\Gunawan\.vscode\extensions\vmware.vscode-spring-boot-1.56.0\language-server\BOOT-INF\lib\j2objc-annotations-1.3.jar;c:\Users\Gunawan\.vscode\extensions\vmware.vscode-spring-boot-1.56.0\language-server\BOOT-INF\lib\jackson-annotations-2.17.1.jar;c:\Users\Gunawan\.vscode\extensions\vmware.vscode-spring-boot-1.56.0\language-server\BOOT-INF\lib\jackson-core-2.17.1.jar;c:\Users\Gunawan\.vscode\extensions\vmware.vscode-spring-boot-1.56.0\language-server\BOOT-INF\lib\jackson-databind-2.17.1.jar;c:\Users\Gunawan\.vscode\extensions\vmware.vscode-spring-boot-1.56.0\language-server\BOOT-INF\lib\jackson-dataformat-csv-2.17.1.jar;c:\Users\Gunawan\.vscode\extensions\vmware.vscode-spring-boot-1.56.0\language-server\BOOT-INF\lib\jackson-dataformat-smile-2.17.1.jar;c:\Users\Gunawan\.vscode\extensions\vmware.vscode-spring-boot-1.56.0\language-server\BOOT-INF\lib\jackson-dataformat-xml-2.17.1.jar;c:\Users\Gunawan\.vscode\extensions\vmware.vscode-spring-boot-1.56.0\language-server\BOOT-INF\lib\jackson-datatype-jdk8-2.17.1.jar;c:\Users\Gunawan\.vscode\extensions\vmware.vscode-spring-boot-1.56.0\language-server\BOOT-INF\lib\jackson-datatype-jsr310-2.17.1.jar;c:\Users\Gunawan\.vscode\extensions\vmware.vscode-spring-boot-1.56.0\language-server\BOOT-INF\lib\jackson-module-jaxb-annotations-2.17.1.jar;c:\Users\Gunawan\.vscode\extensions\vmware.vscode-spring-boot-1.56.0\language-server\BOOT-INF\lib\jackson-module-parameter-names-2.17.1.jar;c:\Users\Gunawan\.vscode\extensions\vmware.vscode-spring-boot-1.56.0\language-server\BOOT-INF\lib\jakarta.activation-api-2.1.3.jar;c:\Users\Gunawan\.vscode\extensions\vmware.vscode-spring-boot-1.56.0\language-server\BOOT-INF\lib\jakarta.annotation-api-2.1.1.jar;c:\Users\Gunawan\.vscode\extensions\vmware.vscode-spring-boot-1.56.0\language-server\BOOT-INF\lib\jakarta.xml.bind-api-4.0.2.jar;c:\Users\Gunawan\.vscode\extensions\vmware.vscode-spring-boot-1.56.0\language-server\BOOT-INF\lib\jandex-3.1.6.jar;c:\Users\Gunawan\.vscode\extensions\vmware.vscode-spring-boot-1.56.0\language-server\BOOT-INF\lib\java-object-diff-0.95.jar;c:\Users\Gunawan\.vscode\extensions\vmware.vscode-spring-boot-1.56.0\language-server\BOOT-INF\lib\java-object-diff-1.0.1.jar;c:\Users\Gunawan\.vscode\extensions\vmware.vscode-spring-boot-1.56.0\language-server\BOOT-INF\lib\java-properties-1.56.0-SNAPSHOT.jar;c:\Users\Gunawan\.vscode\extensions\vmware.vscode-spring-boot-1.56.0\language-server\BOOT-INF\lib\JavaEWAH-1.2.3.jar;c:\Users\Gunawan\.vscode\extensions\vmware.vscode-spring-boot-1.56.0\language-server\BOOT-INF\lib\javax.activation-api-1.2.0.jar;c:\Users\Gunawan\.vscode\extensions\vmware.vscode-spring-boot-1.56.0\language-server\BOOT-INF\lib\javax.inject-1.jar;c:\Users\Gunawan\.vscode\extensions\vmware.vscode-spring-boot-1.56.0\language-server\BOOT-INF\lib\javolution-core-java-6.0.0.jar;c:\Users\Gunawan\.vscode\extensions\vmware.vscode-spring-boot-1.56.0\language-server\BOOT-INF\lib\jaxb-api-2.3.1.jar;c:\Users\Gunawan\.vscode\extensions\vmware.vscode-spring-boot-1.56.0\language-server\BOOT-INF\lib\jgit-1.2.0.jar;c:\Users\Gunawan\.vscode\extensions\vmware.vscode-spring-boot-1.56.0\language-server\BOOT-INF\lib\jing-20220510.jar;c:\Users\Gunawan\.vscode\extensions\vmware.vscode-spring-boot-1.56.0\language-server\BOOT-INF\lib\jna-5.14.0.jar;c:\Users\Gunawan\.vscode\extensions\vmware.vscode-spring-boot-1.56.0\language-server\BOOT-INF\lib\jna-platform-5.14.0.jar;c:\Users\Gunawan\.vscode\extensions\vmware.vscode-spring-boot-1.56.0\language-server\BOOT-INF\lib\jpql-1.56.0-SNAPSHOT.jar;c:\Users\Gunawan\.vscode\extensions\vmware.vscode-spring-boot-1.56.0\language-server\BOOT-INF\lib\json-20231013.jar;c:\Users\Gunawan\.vscode\extensions\vmware.vscode-spring-boot-1.56.0\language-server\BOOT-INF\lib\jsoup-1.14.2.jar;c:\Users\Gunawan\.vscode\extensions\vmware.vscode-spring-boot-1.56.0\language-server\BOOT-INF\lib\jsr305-3.0.2.jar;c:\Users\Gunawan\.vscode\extensions\vmware.vscode-spring-boot-1.56.0\language-server\BOOT-INF\lib\jul-to-slf4j-2.0.13.jar;c:\Users\Gunawan\.vscode\extensions\vmware.vscode-spring-boot-1.56.0\language-server\BOOT-INF\lib\junit-4.13.2.jar;c:\Users\Gunawan\.vscode\extensions\vmware.vscode-spring-boot-1.56.0\language-server\BOOT-INF\lib\kotlin-compiler-embeddable-1.9.20.jar;c:\Users\Gunawan\.vscode\extensions\vmware.vscode-spring-boot-1.56.0\language-server\BOOT-INF\lib\kotlin-daemon-embeddable-1.9.20.jar;c:\Users\Gunawan\.vscode\extensions\vmware.vscode-spring-boot-1.56.0\language-server\BOOT-INF\lib\kotlin-reflect-1.9.20.jar;c:\Users\Gunawan\.vscode\extensions\vmware.vscode-spring-boot-1.56.0\language-server\BOOT-INF\lib\kotlin-script-runtime-1.9.20.jar;c:\Users\Gunawan\.vscode\extensions\vmware.vscode-spring-boot-1.56.0\language-server\BOOT-INF\lib\kotlin-stdlib-1.9.20.jar;c:\Users\Gunawan\.vscode\extensions\vmware.vscode-spring-boot-1.56.0\language-server\BOOT-INF\lib\kotlin-stdlib-common-1.9.20.jar;c:\Users\Gunawan\.vscode\extensions\vmware.vscode-spring-boot-1.56.0\language-server\BOOT-INF\lib\kotlin-stdlib-jdk7-1.9.20.jar;c:\Users\Gunawan\.vscode\extensions\vmware.vscode-spring-boot-1.56.0\language-server\BOOT-INF\lib\kotlin-stdlib-jdk8-1.9.20.jar;c:\Users\Gunawan\.vscode\extensions\vmware.vscode-spring-boot-1.56.0\language-server\BOOT-INF\lib\language-server-starter-1.56.0-SNAPSHOT.jar;c:\Users\Gunawan\.vscode\extensions\vmware.vscode-spring-boot-1.56.0\language-server\BOOT-INF\lib\LatencyUtils-2.0.3.jar;c:\Users\Gunawan\.vscode\extensions\vmware.vscode-spring-boot-1.56.0\language-server\BOOT-INF\lib\listenablefuture-9999.0-empty-to-avoid-conflict-with-guava.jar;c:\Users\Gunawan\.vscode\extensions\vmware.vscode-spring-boot-1.56.0\language-server\BOOT-INF\lib\log4j-api-2.23.1.jar;c:\Users\Gunawan\.vscode\extensions\vmware.vscode-spring-boot-1.56.0\language-server\BOOT-INF\lib\log4j-to-slf4j-2.23.1.jar;c:\Users\Gunawan\.vscode\extensions\vmware.vscode-spring-boot-1.56.0\language-server\BOOT-INF\lib\logback-classic-1.5.6.jar;c:\Users\Gunawan\.vscode\extensions\vmware.vscode-spring-boot-1.56.0\language-server\BOOT-INF\lib\logback-core-1.5.6.jar;c:\Users\Gunawan\.vscode\extensions\vmware.vscode-spring-boot-1.56.0\language-server\BOOT-INF\lib\micrometer-commons-1.13.1.jar;c:\Users\Gunawan\.vscode\extensions\vmware.vscode-spring-boot-1.56.0\language-server\BOOT-INF\lib\micrometer-core-1.13.1.jar;c:\Users\Gunawan\.vscode\extensions\vmware.vscode-spring-boot-1.56.0\language-server\BOOT-INF\lib\micrometer-observation-1.13.1.jar;c:\Users\Gunawan\.vscode\extensions\vmware.vscode-spring-boot-1.56.0\language-server\BOOT-INF\lib\model-2.3.1.jar;c:\Users\Gunawan\.vscode\extensions\vmware.vscode-spring-boot-1.56.0\language-server\BOOT-INF\lib\okhttp-4.12.0.jar;c:\Users\Gunawan\.vscode\extensions\vmware.vscode-spring-boot-1.56.0\language-server\BOOT-INF\lib\okio-3.6.0.jar;c:\Users\Gunawan\.vscode\extensions\vmware.vscode-spring-boot-1.56.0\language-server\BOOT-INF\lib\okio-jvm-3.6.0.jar;c:\Users\Gunawan\.vscode\extensions\vmware.vscode-spring-boot-1.56.0\language-server\BOOT-INF\lib\org.eclipse.core.commands-3.12.100.jar;c:\Users\Gunawan\.vscode\extensions\vmware.vscode-spring-boot-1.56.0\language-server\BOOT-INF\lib\org.eclipse.core.contenttype-3.9.400.jar;c:\Users\Gunawan\.vscode\extensions\vmware.vscode-spring-boot-1.56.0\language-server\BOOT-INF\lib\org.eclipse.core.expressions-3.9.400.jar;c:\Users\Gunawan\.vscode\extensions\vmware.vscode-spring-boot-1.56.0\language-server\BOOT-INF\lib\org.eclipse.core.filesystem-1.10.400.jar;c:\Users\Gunawan\.vscode\extensions\vmware.vscode-spring-boot-1.56.0\language-server\BOOT-INF\lib\org.eclipse.core.jobs-3.15.300.jar;c:\Users\Gunawan\.vscode\extensions\vmware.vscode-spring-boot-1.56.0\language-server\BOOT-INF\lib\org.eclipse.core.resources-3.20.200.jar;c:\Users\Gunawan\.vscode\extensions\vmware.vscode-spring-boot-1.56.0\language-server\BOOT-INF\lib\org.eclipse.core.runtime-3.31.100.jar;c:\Users\Gunawan\.vscode\extensions\vmware.vscode-spring-boot-1.56.0\language-server\BOOT-INF\lib\org.eclipse.equinox.app-1.7.100.jar;c:\Users\Gunawan\.vscode\extensions\vmware.vscode-spring-boot-1.56.0\language-server\BOOT-INF\lib\org.eclipse.equinox.common-3.19.100.jar;c:\Users\Gunawan\.vscode\extensions\vmware.vscode-spring-boot-1.56.0\language-server\BOOT-INF\lib\org.eclipse.equinox.preferences-3.10.1.jar;c:\Users\Gunawan\.vscode\extensions\vmware.vscode-spring-boot-1.56.0\language-server\BOOT-INF\lib\org.eclipse.equinox.registry-3.12.100.jar;c:\Users\Gunawan\.vscode\extensions\vmware.vscode-spring-boot-1.56.0\language-server\BOOT-INF\lib\org.eclipse.jdt.core-3.38.0.jar;c:\Users\Gunawan\.vscode\extensions\vmware.vscode-spring-boot-1.56.0\language-server\BOOT-INF\lib\org.eclipse.jgit-6.9.0.202403050737-r.jar;c:\Users\Gunawan\.vscode\extensions\vmware.vscode-spring-boot-1.56.0\language-server\BOOT-INF\lib\org.eclipse.lemminx-0.24.0.jar;c:\Users\Gunawan\.vscode\extensions\vmware.vscode-spring-boot-1.56.0\language-server\BOOT-INF\lib\org.eclipse.lsp4j-0.19.0.jar;c:\Users\Gunawan\.vscode\extensions\vmware.vscode-spring-boot-1.56.0\language-server\BOOT-INF\lib\org.eclipse.lsp4j.generator-0.19.0.jar;c:\Users\Gunawan\.vscode\extensions\vmware.vscode-spring-boot-1.56.0\language-server\BOOT-INF\lib\org.eclipse.lsp4j.jsonrpc-0.19.0.jar;c:\Users\Gunawan\.vscode\extensions\vmware.vscode-spring-boot-1.56.0\language-server\BOOT-INF\lib\org.eclipse.osgi-3.20.0.jar;c:\Users\Gunawan\.vscode\extensions\vmware.vscode-spring-boot-1.56.0\language-server\BOOT-INF\lib\org.eclipse.text-3.14.100.jar;c:\Users\Gunawan\.vscode\extensions\vmware.vscode-spring-boot-1.56.0\language-server\BOOT-INF\lib\org.eclipse.xtend.lib-2.28.0.jar;c:\Users\Gunawan\.vscode\extensions\vmware.vscode-spring-boot-1.56.0\language-server\BOOT-INF\lib\org.eclipse.xtend.lib.macro-2.28.0.jar;c:\Users\Gunawan\.vscode\extensions\vmware.vscode-spring-boot-1.56.0\language-server\BOOT-INF\lib\org.eclipse.xtext.xbase.lib-2.28.0.jar;c:\Users\Gunawan\.vscode\extensions\vmware.vscode-spring-boot-1.56.0\language-server\BOOT-INF\lib\org.json-1.0.0-SNAPSHOT.jar;c:\Users\Gunawan\.vscode\extensions\vmware.vscode-spring-boot-1.56.0\language-server\BOOT-INF\lib\org.osgi.service.prefs-1.1.2.jar;c:\Users\Gunawan\.vscode\extensions\vmware.vscode-spring-boot-1.56.0\language-server\BOOT-INF\lib\osgi.annotation-8.1.0.jar;c:\Users\Gunawan\.vscode\extensions\vmware.vscode-spring-boot-1.56.0\language-server\BOOT-INF\lib\reactive-streams-1.0.4.jar;c:\Users\Gunawan\.vscode\extensions\vmware.vscode-spring-boot-1.56.0\language-server\BOOT-INF\lib\reactor-core-3.6.7.jar;c:\Users\Gunawan\.vscode\extensions\vmware.vscode-spring-boot-1.56.0\language-server\BOOT-INF\lib\remark-1.0.0.jar;c:\Users\Gunawan\.vscode\extensions\vmware.vscode-spring-boot-1.56.0\language-server\BOOT-INF\lib\rewrite-analysis-2.9.2.jar;c:\Users\Gunawan\.vscode\extensions\vmware.vscode-spring-boot-1.56.0\language-server\BOOT-INF\lib\rewrite-core-8.29.0.jar;c:\Users\Gunawan\.vscode\extensions\vmware.vscode-spring-boot-1.56.0\language-server\BOOT-INF\lib\rewrite-github-actions-2.6.2.jar;c:\Users\Gunawan\.vscode\extensions\vmware.vscode-spring-boot-1.56.0\language-server\BOOT-INF\lib\rewrite-gradle-8.29.0.jar;c:\Users\Gunawan\.vscode\extensions\vmware.vscode-spring-boot-1.56.0\language-server\BOOT-INF\lib\rewrite-groovy-8.29.0.jar;c:\Users\Gunawan\.vscode\extensions\vmware.vscode-spring-boot-1.56.0\language-server\BOOT-INF\lib\rewrite-hibernate-1.8.0.jar;c:\Users\Gunawan\.vscode\extensions\vmware.vscode-spring-boot-1.56.0\language-server\BOOT-INF\lib\rewrite-java-11-8.29.0.jar;c:\Users\Gunawan\.vscode\extensions\vmware.vscode-spring-boot-1.56.0\language-server\BOOT-INF\lib\rewrite-java-17-8.29.0.jar;c:\Users\Gunawan\.vscode\extensions\vmware.vscode-spring-boot-1.56.0\language-server\BOOT-INF\lib\rewrite-java-21-8.29.0.jar;c:\Users\Gunawan\.vscode\extensions\vmware.vscode-spring-boot-1.56.0\language-server\BOOT-INF\lib\rewrite-java-8-8.29.0.jar;c:\Users\Gunawan\.vscode\extensions\vmware.vscode-spring-boot-1.56.0\language-server\BOOT-INF\lib\rewrite-java-8.29.0.jar;c:\Users\Gunawan\.vscode\extensions\vmware.vscode-spring-boot-1.56.0\language-server\BOOT-INF\lib\rewrite-java-dependencies-1.12.0.jar;c:\Users\Gunawan\.vscode\extensions\vmware.vscode-spring-boot-1.56.0\language-server\BOOT-INF\lib\rewrite-jenkins-0.8.2.jar;c:\Users\Gunawan\.vscode\extensions\vmware.vscode-spring-boot-1.56.0\language-server\BOOT-INF\lib\rewrite-kotlin-1.18.2.jar;c:\Users\Gunawan\.vscode\extensions\vmware.vscode-spring-boot-1.56.0\language-server\BOOT-INF\lib\rewrite-maven-8.29.0.jar;c:\Users\Gunawan\.vscode\extensions\vmware.vscode-spring-boot-1.56.0\language-server\BOOT-INF\lib\rewrite-migrate-java-2.19.0.jar;c:\Users\Gunawan\.vscode\extensions\vmware.vscode-spring-boot-1.56.0\language-server\BOOT-INF\lib\rewrite-openapi-0.5.2.jar;c:\Users\Gunawan\.vscode\extensions\vmware.vscode-spring-boot-1.56.0\language-server\BOOT-INF\lib\rewrite-properties-8.29.0.jar;c:\Users\Gunawan\.vscode\extensions\vmware.vscode-spring-boot-1.56.0\language-server\BOOT-INF\lib\rewrite-spring-5.14.0.jar;c:\Users\Gunawan\.vscode\extensions\vmware.vscode-spring-boot-1.56.0\language-server\BOOT-INF\lib\rewrite-static-analysis-1.11.0.jar;c:\Users\Gunawan\.vscode\extensions\vmware.vscode-spring-boot-1.56.0\language-server\BOOT-INF\lib\rewrite-templating-1.11.2.jar;c:\Users\Gunawan\.vscode\extensions\vmware.vscode-spring-boot-1.56.0\language-server\BOOT-INF\lib\rewrite-testing-frameworks-2.13.0.jar;c:\Users\Gunawan\.vscode\extensions\vmware.vscode-spring-boot-1.56.0\language-server\BOOT-INF\lib\rewrite-xml-8.29.0.jar;c:\Users\Gunawan\.vscode\extensions\vmware.vscode-spring-boot-1.56.0\language-server\BOOT-INF\lib\rewrite-yaml-8.29.0.jar;c:\Users\Gunawan\.vscode\extensions\vmware.vscode-spring-boot-1.56.0\language-server\BOOT-INF\lib\slf4j-api-2.0.13.jar;c:\Users\Gunawan\.vscode\extensions\vmware.vscode-spring-boot-1.56.0\language-server\BOOT-INF\lib\snakeyaml-2.2.jar;c:\Users\Gunawan\.vscode\extensions\vmware.vscode-spring-boot-1.56.0\language-server\BOOT-INF\lib\snappy-java-1.1.10.5.jar;c:\Users\Gunawan\.vscode\extensions\vmware.vscode-spring-boot-1.56.0\language-server\BOOT-INF\lib\spring-aop-6.1.10.jar;c:\Users\Gunawan\.vscode\extensions\vmware.vscode-spring-boot-1.56.0\language-server\BOOT-INF\lib\spring-beans-6.1.10.jar;c:\Users\Gunawan\.vscode\extensions\vmware.vscode-spring-boot-1.56.0\language-server\BOOT-INF\lib\spring-boot-3.3.1.jar;c:\Users\Gunawan\.vscode\extensions\vmware.vscode-spring-boot-1.56.0\language-server\BOOT-INF\lib\spring-boot-autoconfigure-3.3.1.jar;c:\Users\Gunawan\.vscode\extensions\vmware.vscode-spring-boot-1.56.0\language-server\BOOT-INF\lib\spring-boot-jarmode-tools-3.3.1.jar;c:\Users\Gunawan\.vscode\extensions\vmware.vscode-spring-boot-1.56.0\language-server\BOOT-INF\lib\spring-context-6.1.10.jar;c:\Users\Gunawan\.vscode\extensions\vmware.vscode-spring-boot-1.56.0\language-server\BOOT-INF\lib\spring-context-indexer-6.1.10.jar;c:\Users\Gunawan\.vscode\extensions\vmware.vscode-spring-boot-1.56.0\language-server\BOOT-INF\lib\spring-core-6.1.10.jar;c:\Users\Gunawan\.vscode\extensions\vmware.vscode-spring-boot-1.56.0\language-server\BOOT-INF\lib\spring-expression-6.1.10.jar;c:\Users\Gunawan\.vscode\extensions\vmware.vscode-spring-boot-1.56.0\language-server\BOOT-INF\lib\spring-jcl-6.1.10.jar;c:\Users\Gunawan\.vscode\extensions\vmware.vscode-spring-boot-1.56.0\language-server\BOOT-INF\lib\spring-web-6.1.10.jar;c:\Users\Gunawan\.vscode\extensions\vmware.vscode-spring-boot-1.56.0\language-server\BOOT-INF\lib\stax2-api-4.2.2.jar;c:\Users\Gunawan\.vscode\extensions\vmware.vscode-spring-boot-1.56.0\language-server\BOOT-INF\lib\testcontainers-1.19.8.jar;c:\Users\Gunawan\.vscode\extensions\vmware.vscode-spring-boot-1.56.0\language-server\BOOT-INF\lib\trove4j-1.0.20200330.jar;c:\Users\Gunawan\.vscode\extensions\vmware.vscode-spring-boot-1.56.0\language-server\BOOT-INF\lib\woodstox-core-6.6.2.jar;c:\Users\Gunawan\.vscode\extensions\vmware.vscode-spring-boot-1.56.0\language-server\BOOT-INF\lib\xercesImpl-2.12.2.jar;c:\Users\Gunawan\.vscode\extensions\vmware.vscode-spring-boot-1.56.0\language-server\BOOT-INF\lib\xml-apis-1.4.01.jar;c:\Users\Gunawan\.vscode\extensions\vmware.vscode-spring-boot-1.56.0\language-server\BOOT-INF\lib\xml-resolver-1.2.jar
Launcher Type: SUN_STANDARD

[Global flags]
     intx CICompilerCount                          = 4                                         {product} {ergonomic}
     uint ConcGCThreads                            = 2                                         {product} {ergonomic}
     uint G1ConcRefinementThreads                  = 8                                         {product} {ergonomic}
   size_t G1HeapRegionSize                         = 1048576                                   {product} {ergonomic}
    uintx GCDrainStackTargetSize                   = 64                                        {product} {ergonomic}
   size_t InitialHeapSize                          = 98566144                                  {product} {ergonomic}
   size_t MarkStackSize                            = 4194304                                   {product} {ergonomic}
   size_t MaxHeapSize                              = 1073741824                                {product} {command line}
   size_t MaxNewSize                               = 643825664                                 {product} {ergonomic}
   size_t MinHeapDeltaBytes                        = 1048576                                   {product} {ergonomic}
   size_t MinHeapSize                              = 8388608                                   {product} {ergonomic}
    uintx NonNMethodCodeHeapSize                   = 4096                                   {pd product} {ergonomic}
    uintx NonProfiledCodeHeapSize                  = 0                                      {pd product} {ergonomic}
     bool ProfileInterpreter                       = false                                  {pd product} {command line}
    uintx ProfiledCodeHeapSize                     = 0                                      {pd product} {ergonomic}
   size_t SoftMaxHeapSize                          = 1073741824                             {manageable} {ergonomic}
     intx TieredStopAtLevel                        = 1                                         {product} {command line}
     bool UseCompressedOops                        = true                           {product lp64_product} {ergonomic}
     bool UseG1GC                                  = true                                      {product} {ergonomic}
     bool UseLargePagesIndividualAllocation        = false                                  {pd product} {ergonomic}

Logging:
Log output configuration:
 #0: stdout all=warning,jni+resolve=off uptime,level,tags foldmultilines=false
 #1: stderr all=off uptime,level,tags foldmultilines=false

Release file:
JAVA_VERSION="21.0.9" 
MODULES="java.base java.compiler java.datatransfer java.xml java.prefs java.desktop java.instrument java.logging java.management java.security.sasl java.naming java.rmi java.management.rmi java.net.http java.scripting java.security.jgss java.transaction.xa java.sql java.sql.rowset java.xml.crypto java.se java.smartcardio jdk.accessibility jdk.internal.jvmstat jdk.attach jdk.charsets jdk.internal.opt jdk.zipfs jdk.compiler jdk.crypto.ec jdk.crypto.cryptoki jdk.crypto.mscapi jdk.dynalink jdk.internal.ed jdk.editpad jdk.hotspot.agent jdk.httpserver jdk.internal.le jdk.internal.vm.ci jdk.internal.vm.compiler jdk.internal.vm.compiler.management jdk.jartool jdk.javadoc jdk.jcmd jdk.management jdk.management.agent jdk.jconsole jdk.jdeps jdk.jdwp.agent jdk.jdi jdk.jfr jdk.jshell jdk.jsobject jdk.jstatd jdk.localedata jdk.management.jfr jdk.naming.dns jdk.naming.rmi jdk.net jdk.nio.mapmode jdk.random jdk.sctp jdk.security.auth jdk.security.jgss jdk.unsupported jdk.unsupported.desktop jdk.xml.dom" 

Environment Variables:
JAVA_HOME=C:\Program Files\Eclipse Adoptium\jdk-17.0.17.10-hotspot
PATH=C:\Program Files\Eclipse Adoptium\jdk-17.0.17.10-hotspot\bin;C:\Program Files\Microsoft\jdk-17.0.8.7-hotspot\bin;C:\Program Files (x86)\Common Files\Oracle\Java\javapath;C:\Program Files\Common Files\Siemens\Automation\Simatic OAM\bin;C:\Program Files (x86)\Common Files\Intel\Shared Files\fortran\bin\Intel64;C:\Program Files (x86)\Common Files\Intel\Shared Libraries\redist\intel64_win\mpirt;C:\Program Files (x86)\Common Files\Intel\Shared Libraries\redist\intel64_win\compiler;C:\WINDOWS\system32;C:\WINDOWS;C:\WINDOWS\System32\Wbem;C:\WINDOWS\System32\WindowsPowerShell\v1.0\;C:\WINDOWS\System32\OpenSSH\;C:\Program Files\dotnet\;C:\Program Files\Microsoft SQL Server\110\Tools\Binn\;C:\Program Files\Microsoft SQL Server\Client SDK\ODBC\130\Tools\Binn\;C:\Program Files (x86)\Microsoft SQL Server\140\Tools\Binn\;C:\Program Files\Microsoft SQL Server\140\Tools\Binn\;C:\Program Files\Microsoft SQL Server\140\DTS\Binn\;C:\Program Files (x86)\Common Files\Siemens\;C:\Program Files (x86)\Common Files\Siemens\Interfaces;C:\Program Files (x86)\Common Files\Siemens\ACE\Interfaces;C:\Program Files\Git\cmd;C:\Program Files (x86)\IVI Foundation\VISA\WinNT\Bin\;C:\Program Files\IVI Foundation\VISA\Wi;C:\Users\Gunawan\AppData\Roaming\nvm;C:\Program Files\nodejs;C:\Program Files\Go\bin;C:\Program Files\NVIDIA Corporation\NVIDIA NvDLISR;C:\Program Files\mosquitto;C:\MinGW\bin;;C:\Program Files\Docker\Docker\resources\bin;C:\Users\Gunawan\AppData\Local\Programs\Microsoft VS Code\bin;C:\Users\Gunawan\AppData\Local\Programs\Python\Python310;C:\Users\Gunawan\AppData\Local\Programs\Python\Python310\Scripts;C:\MinGW\bin;C:\Users\Gunawan\AppData\Roaming\npm;C:\Windows\SysWOW64\;C:\Users\Gunawan\AppData\Local\Microsoft\WindowsApps;C:\Users\Gunawan\AppData\Roaming\nvm;C:\Program Files\nodejs;C:\Program Files\Docker\Docker\resources\bin;C:\Program Files\Go\bin;C:\Users\Gunawan\go\bin;C:\Users\Gunawan\.deno\bin;D:\evans\evans_windows_amd64;C:\Users\Gunawan\AppData\Local\Microsoft\WindowsApps;E:\Flutter\flutter\bin;E:\AndroidSDK\platform-tools;E:\AndroidSDK\cmdline-tools\latest\bin;E:\AndroidSDK\emulator;
USERNAME=Gunawan
OS=Windows_NT
PROCESSOR_IDENTIFIER=AMD64 Family 23 Model 24 Stepping 1, AuthenticAMD
TMP=C:\Users\Gunawan\AppData\Local\Temp
TEMP=C:\Users\Gunawan\AppData\Local\Temp




Periodic native trim disabled

---------------  S Y S T E M  ---------------

OS:
 Windows 11 , 64 bit Build 26100 (10.0.26100.4768)
OS uptime: 0 days 5:00 hours

CPU: total 8 (initial active 8) (8 cores per cpu, 2 threads per core) family 23 model 24 stepping 1 microcode 0x8108109, cx8, cmov, fxsr, ht, mmx, 3dnowpref, sse, sse2, sse3, ssse3, sse4a, sse4.1, sse4.2, popcnt, lzcnt, tsc, tscinvbit, avx, avx2, aes, clmul, bmi1, bmi2, adx, sha, fma, vzeroupper, clflush, clflushopt, rdtscp, f16c
Processor Information for the first 8 processors :
  Max Mhz: 2100, Current Mhz: 2100, Mhz Limit: 2100

Memory: 4k page, system-wide physical 6015M (738M free)
TotalPageFile size 16255M (AvailPageFile size 4M)
current process WorkingSet (physical memory assigned to process): 70M, peak: 213M
current process commit charge ("private bytes"): 272M, peak: 287M

vm_info: OpenJDK 64-Bit Server VM (21.0.9+10-LTS) for windows-amd64 JRE (21.0.9+10-LTS), built on 2025-10-21T00:00:00Z by "admin" with unknown MS VC++:1942

END.
